This file contains any messages produced by compilers while
running configure, to aid debugging if configure makes a mistake.

It was created by OTXServer configure 2.X.Series, which was
generated by GNU Autoconf 2.69.  Invocation command line was

  $ ./configure --enable-server-diag --enable-mysql --enable-root-permission

## --------- ##
## Platform. ##
## --------- ##

hostname = centos-s-2vcpu-4gb-nyc3-01
uname -m = x86_64
uname -r = 3.10.0-1127.el7.x86_64
uname -s = Linux
uname -v = #1 SMP Tue Mar 31 23:36:51 UTC 2020

/usr/bin/uname -p = x86_64
/bin/uname -X     = unknown

/bin/arch              = x86_64
/usr/bin/arch -k       = unknown
/usr/convex/getsysinfo = unknown
/usr/bin/hostinfo      = unknown
/bin/machine           = unknown
/usr/bin/oslevel       = unknown
/bin/universe          = unknown

PATH: /usr/local/sbin
PATH: /usr/local/bin
PATH: /usr/sbin
PATH: /usr/bin
PATH: /root/bin


## ----------- ##
## Core tests. ##
## ----------- ##

configure:2447: checking for a BSD-compatible install
configure:2515: result: /usr/bin/install -c
configure:2526: checking whether build environment is sane
configure:2581: result: yes
configure:2732: checking for a thread-safe mkdir -p
configure:2771: result: /usr/bin/mkdir -p
configure:2778: checking for gawk
configure:2794: found /usr/bin/gawk
configure:2805: result: gawk
configure:2816: checking whether make sets $(MAKE)
configure:2838: result: yes
configure:2867: checking whether make supports nested variables
configure:2884: result: yes
configure:2982: checking whether make supports nested variables
configure:2999: result: yes
configure:3069: checking for g++
configure:3085: found /usr/bin/g++
configure:3096: result: g++
configure:3123: checking for C++ compiler version
configure:3132: g++ --version >&5
g++ (GCC) 4.8.5 20150623 (Red Hat 4.8.5-39)
Copyright (C) 2015 Free Software Foundation, Inc.
This is free software; see the source for copying conditions.  There is NO
warranty; not even for MERCHANTABILITY or FITNESS FOR A PARTICULAR PURPOSE.

configure:3143: $? = 0
configure:3132: g++ -v >&5
Using built-in specs.
COLLECT_GCC=g++
COLLECT_LTO_WRAPPER=/usr/libexec/gcc/x86_64-redhat-linux/4.8.5/lto-wrapper
Target: x86_64-redhat-linux
Configured with: ../configure --prefix=/usr --mandir=/usr/share/man --infodir=/usr/share/info --with-bugurl=http://bugzilla.redhat.com/bugzilla --enable-bootstrap --enable-shared --enable-threads=posix --enable-checking=release --with-system-zlib --enable-__cxa_atexit --disable-libunwind-exceptions --enable-gnu-unique-object --enable-linker-build-id --with-linker-hash-style=gnu --enable-languages=c,c++,objc,obj-c++,java,fortran,ada,go,lto --enable-plugin --enable-initfini-array --disable-libgcj --with-isl=/builddir/build/BUILD/gcc-4.8.5-20150702/obj-x86_64-redhat-linux/isl-install --with-cloog=/builddir/build/BUILD/gcc-4.8.5-20150702/obj-x86_64-redhat-linux/cloog-install --enable-gnu-indirect-function --with-tune=generic --with-arch_32=x86-64 --build=x86_64-redhat-linux
Thread model: posix
gcc version 4.8.5 20150623 (Red Hat 4.8.5-39) (GCC) 
configure:3143: $? = 0
configure:3132: g++ -V >&5
g++: error: unrecognized command line option '-V'
g++: fatal error: no input files
compilation terminated.
configure:3143: $? = 4
configure:3132: g++ -qversion >&5
g++: error: unrecognized command line option '-qversion'
g++: fatal error: no input files
compilation terminated.
configure:3143: $? = 4
configure:3163: checking whether the C++ compiler works
configure:3185: g++    conftest.cpp  >&5
configure:3189: $? = 0
configure:3237: result: yes
configure:3240: checking for C++ compiler default output file name
configure:3242: result: a.out
configure:3248: checking for suffix of executables
configure:3255: g++ -o conftest    conftest.cpp  >&5
configure:3259: $? = 0
configure:3281: result: 
configure:3303: checking whether we are cross compiling
configure:3311: g++ -o conftest    conftest.cpp  >&5
configure:3315: $? = 0
configure:3322: ./conftest
configure:3326: $? = 0
configure:3341: result: no
configure:3346: checking for suffix of object files
configure:3368: g++ -c   conftest.cpp >&5
configure:3372: $? = 0
configure:3393: result: o
configure:3397: checking whether we are using the GNU C++ compiler
configure:3416: g++ -c   conftest.cpp >&5
configure:3416: $? = 0
configure:3425: result: yes
configure:3434: checking whether g++ accepts -g
configure:3454: g++ -c -g  conftest.cpp >&5
configure:3454: $? = 0
configure:3495: result: yes
configure:3529: checking for style of include used by make
configure:3557: result: GNU
configure:3583: checking dependency style of g++
configure:3694: result: gcc3
configure:3979: checking how to run the C++ preprocessor
configure:4006: g++ -E  conftest.cpp
configure:4006: $? = 0
configure:4020: g++ -E  conftest.cpp
conftest.cpp:11:28: fatal error: ac_nonexistent.h: No such file or directory
 #include <ac_nonexistent.h>
                            ^
compilation terminated.
configure:4020: $? = 1
configure: failed program was:
| /* confdefs.h */
| #define PACKAGE_NAME "OTXServer"
| #define PACKAGE_TARNAME "otxserver"
| #define PACKAGE_VERSION "2.X.Series"
| #define PACKAGE_STRING "OTXServer 2.X.Series"
| #define PACKAGE_BUGREPORT ""
| #define PACKAGE_URL ""
| #define PACKAGE "otxserver"
| #define VERSION "2.X.Series"
| /* end confdefs.h.  */
| #include <ac_nonexistent.h>
configure:4045: result: g++ -E
configure:4065: g++ -E  conftest.cpp
configure:4065: $? = 0
configure:4079: g++ -E  conftest.cpp
conftest.cpp:11:28: fatal error: ac_nonexistent.h: No such file or directory
 #include <ac_nonexistent.h>
                            ^
compilation terminated.
configure:4079: $? = 1
configure: failed program was:
| /* confdefs.h */
| #define PACKAGE_NAME "OTXServer"
| #define PACKAGE_TARNAME "otxserver"
| #define PACKAGE_VERSION "2.X.Series"
| #define PACKAGE_STRING "OTXServer 2.X.Series"
| #define PACKAGE_BUGREPORT ""
| #define PACKAGE_URL ""
| #define PACKAGE "otxserver"
| #define VERSION "2.X.Series"
| /* end confdefs.h.  */
| #include <ac_nonexistent.h>
configure:4108: checking for grep that handles long lines and -e
configure:4166: result: /usr/bin/grep
configure:4171: checking for egrep
configure:4233: result: /usr/bin/grep -E
configure:4238: checking for ANSI C header files
configure:4258: g++ -c -g -O2  conftest.cpp >&5
configure:4258: $? = 0
configure:4331: g++ -o conftest -g -O2   conftest.cpp  >&5
configure:4331: $? = 0
configure:4331: ./conftest
configure:4331: $? = 0
configure:4342: result: yes
configure:4355: checking for sys/types.h
configure:4355: g++ -c -g -O2  conftest.cpp >&5
configure:4355: $? = 0
configure:4355: result: yes
configure:4355: checking for sys/stat.h
configure:4355: g++ -c -g -O2  conftest.cpp >&5
configure:4355: $? = 0
configure:4355: result: yes
configure:4355: checking for stdlib.h
configure:4355: g++ -c -g -O2  conftest.cpp >&5
configure:4355: $? = 0
configure:4355: result: yes
configure:4355: checking for string.h
configure:4355: g++ -c -g -O2  conftest.cpp >&5
configure:4355: $? = 0
configure:4355: result: yes
configure:4355: checking for memory.h
configure:4355: g++ -c -g -O2  conftest.cpp >&5
configure:4355: $? = 0
configure:4355: result: yes
configure:4355: checking for strings.h
configure:4355: g++ -c -g -O2  conftest.cpp >&5
configure:4355: $? = 0
configure:4355: result: yes
configure:4355: checking for inttypes.h
configure:4355: g++ -c -g -O2  conftest.cpp >&5
configure:4355: $? = 0
configure:4355: result: yes
configure:4355: checking for stdint.h
configure:4355: g++ -c -g -O2  conftest.cpp >&5
configure:4355: $? = 0
configure:4355: result: yes
configure:4355: checking for unistd.h
configure:4355: g++ -c -g -O2  conftest.cpp >&5
configure:4355: $? = 0
configure:4355: result: yes
configure:4370: checking arpa/inet.h usability
configure:4370: g++ -c -g -O2  conftest.cpp >&5
configure:4370: $? = 0
configure:4370: result: yes
configure:4370: checking arpa/inet.h presence
configure:4370: g++ -E  conftest.cpp
configure:4370: $? = 0
configure:4370: result: yes
configure:4370: checking for arpa/inet.h
configure:4370: result: yes
configure:4370: checking netdb.h usability
configure:4370: g++ -c -g -O2  conftest.cpp >&5
configure:4370: $? = 0
configure:4370: result: yes
configure:4370: checking netdb.h presence
configure:4370: g++ -E  conftest.cpp
configure:4370: $? = 0
configure:4370: result: yes
configure:4370: checking for netdb.h
configure:4370: result: yes
configure:4370: checking netinet/in.h usability
configure:4370: g++ -c -g -O2  conftest.cpp >&5
configure:4370: $? = 0
configure:4370: result: yes
configure:4370: checking netinet/in.h presence
configure:4370: g++ -E  conftest.cpp
configure:4370: $? = 0
configure:4370: result: yes
configure:4370: checking for netinet/in.h
configure:4370: result: yes
configure:4370: checking stddef.h usability
configure:4370: g++ -c -g -O2  conftest.cpp >&5
configure:4370: $? = 0
configure:4370: result: yes
configure:4370: checking stddef.h presence
configure:4370: g++ -E  conftest.cpp
configure:4370: $? = 0
configure:4370: result: yes
configure:4370: checking for stddef.h
configure:4370: result: yes
configure:4370: checking for stdint.h
configure:4370: result: yes
configure:4370: checking for stdlib.h
configure:4370: result: yes
configure:4370: checking sys/socket.h usability
configure:4370: g++ -c -g -O2  conftest.cpp >&5
configure:4370: $? = 0
configure:4370: result: yes
configure:4370: checking sys/socket.h presence
configure:4370: g++ -E  conftest.cpp
configure:4370: $? = 0
configure:4370: result: yes
configure:4370: checking for sys/socket.h
configure:4370: result: yes
configure:4370: checking sys/timeb.h usability
configure:4370: g++ -c -g -O2  conftest.cpp >&5
configure:4370: $? = 0
configure:4370: result: yes
configure:4370: checking sys/timeb.h presence
configure:4370: g++ -E  conftest.cpp
configure:4370: $? = 0
configure:4370: result: yes
configure:4370: checking for sys/timeb.h
configure:4370: result: yes
configure:4382: checking for stdbool.h that conforms to C99
configure:4449: g++ -c -g -O2  conftest.cpp >&5
configure:4449: $? = 0
configure:4456: result: yes
configure:4458: checking for _Bool
configure:4458: g++ -c -g -O2  conftest.cpp >&5
conftest.cpp: In function 'int main()':
conftest.cpp:65:13: error: '_Bool' was not declared in this scope
 if (sizeof (_Bool))
             ^
configure:4458: $? = 1
configure: failed program was:
| /* confdefs.h */
| #define PACKAGE_NAME "OTXServer"
| #define PACKAGE_TARNAME "otxserver"
| #define PACKAGE_VERSION "2.X.Series"
| #define PACKAGE_STRING "OTXServer 2.X.Series"
| #define PACKAGE_BUGREPORT ""
| #define PACKAGE_URL ""
| #define PACKAGE "otxserver"
| #define VERSION "2.X.Series"
| #define STDC_HEADERS 1
| #define HAVE_SYS_TYPES_H 1
| #define HAVE_SYS_STAT_H 1
| #define HAVE_STDLIB_H 1
| #define HAVE_STRING_H 1
| #define HAVE_MEMORY_H 1
| #define HAVE_STRINGS_H 1
| #define HAVE_INTTYPES_H 1
| #define HAVE_STDINT_H 1
| #define HAVE_UNISTD_H 1
| #define HAVE_ARPA_INET_H 1
| #define HAVE_NETDB_H 1
| #define HAVE_NETINET_IN_H 1
| #define HAVE_STDDEF_H 1
| #define HAVE_STDINT_H 1
| #define HAVE_STDLIB_H 1
| #define HAVE_SYS_SOCKET_H 1
| #define HAVE_SYS_TIMEB_H 1
| /* end confdefs.h.  */
| #include <stdio.h>
| #ifdef HAVE_SYS_TYPES_H
| # include <sys/types.h>
| #endif
| #ifdef HAVE_SYS_STAT_H
| # include <sys/stat.h>
| #endif
| #ifdef STDC_HEADERS
| # include <stdlib.h>
| # include <stddef.h>
| #else
| # ifdef HAVE_STDLIB_H
| #  include <stdlib.h>
| # endif
| #endif
| #ifdef HAVE_STRING_H
| # if !defined STDC_HEADERS && defined HAVE_MEMORY_H
| #  include <memory.h>
| # endif
| # include <string.h>
| #endif
| #ifdef HAVE_STRINGS_H
| # include <strings.h>
| #endif
| #ifdef HAVE_INTTYPES_H
| # include <inttypes.h>
| #endif
| #ifdef HAVE_STDINT_H
| # include <stdint.h>
| #endif
| #ifdef HAVE_UNISTD_H
| # include <unistd.h>
| #endif
| int
| main ()
| {
| if (sizeof (_Bool))
| 	 return 0;
|   ;
|   return 0;
| }
configure:4458: result: no
configure:4475: checking for an ANSI C-conforming const
configure:4541: g++ -c -g -O2  conftest.cpp >&5
configure:4541: $? = 0
configure:4548: result: yes
configure:4556: checking for inline
configure:4572: g++ -c -g -O2  conftest.cpp >&5
configure:4572: $? = 0
configure:4580: result: inline
configure:4598: checking for int16_t
configure:4598: g++ -c -g -O2  conftest.cpp >&5
configure:4598: $? = 0
configure:4598: g++ -c -g -O2  conftest.cpp >&5
conftest.cpp: In function 'int main()':
conftest.cpp:68:58: error: size of array 'test_array' is negative
    < (int16_t) (((((int16_t) 1 << N) << N) - 1) * 2 + 2))];
                                                          ^
configure:4598: $? = 1
configure: failed program was:
| /* confdefs.h */
| #define PACKAGE_NAME "OTXServer"
| #define PACKAGE_TARNAME "otxserver"
| #define PACKAGE_VERSION "2.X.Series"
| #define PACKAGE_STRING "OTXServer 2.X.Series"
| #define PACKAGE_BUGREPORT ""
| #define PACKAGE_URL ""
| #define PACKAGE "otxserver"
| #define VERSION "2.X.Series"
| #define STDC_HEADERS 1
| #define HAVE_SYS_TYPES_H 1
| #define HAVE_SYS_STAT_H 1
| #define HAVE_STDLIB_H 1
| #define HAVE_STRING_H 1
| #define HAVE_MEMORY_H 1
| #define HAVE_STRINGS_H 1
| #define HAVE_INTTYPES_H 1
| #define HAVE_STDINT_H 1
| #define HAVE_UNISTD_H 1
| #define HAVE_ARPA_INET_H 1
| #define HAVE_NETDB_H 1
| #define HAVE_NETINET_IN_H 1
| #define HAVE_STDDEF_H 1
| #define HAVE_STDINT_H 1
| #define HAVE_STDLIB_H 1
| #define HAVE_SYS_SOCKET_H 1
| #define HAVE_SYS_TIMEB_H 1
| #define HAVE_STDBOOL_H 1
| /* end confdefs.h.  */
| #include <stdio.h>
| #ifdef HAVE_SYS_TYPES_H
| # include <sys/types.h>
| #endif
| #ifdef HAVE_SYS_STAT_H
| # include <sys/stat.h>
| #endif
| #ifdef STDC_HEADERS
| # include <stdlib.h>
| # include <stddef.h>
| #else
| # ifdef HAVE_STDLIB_H
| #  include <stdlib.h>
| # endif
| #endif
| #ifdef HAVE_STRING_H
| # if !defined STDC_HEADERS && defined HAVE_MEMORY_H
| #  include <memory.h>
| # endif
| # include <string.h>
| #endif
| #ifdef HAVE_STRINGS_H
| # include <strings.h>
| #endif
| #ifdef HAVE_INTTYPES_H
| # include <inttypes.h>
| #endif
| #ifdef HAVE_STDINT_H
| # include <stdint.h>
| #endif
| #ifdef HAVE_UNISTD_H
| # include <unistd.h>
| #endif
| 	        enum { N = 16 / 2 - 1 };
| int
| main ()
| {
| static int test_array [1 - 2 * !((int16_t) (((((int16_t) 1 << N) << N) - 1) * 2 + 1)
| 		 < (int16_t) (((((int16_t) 1 << N) << N) - 1) * 2 + 2))];
| test_array [0] = 0;
| return test_array [0];
| 
|   ;
|   return 0;
| }
configure:4598: result: yes
configure:4609: checking for int32_t
configure:4609: g++ -c -g -O2  conftest.cpp >&5
configure:4609: $? = 0
configure:4609: g++ -c -g -O2  conftest.cpp >&5
conftest.cpp: In function 'int main()':
conftest.cpp:68:55: warning: integer overflow in expression [-Woverflow]
    < (int32_t) (((((int32_t) 1 << N) << N) - 1) * 2 + 2))];
                                                       ^
conftest.cpp:68:58: error: size of array 'test_array' is negative
    < (int32_t) (((((int32_t) 1 << N) << N) - 1) * 2 + 2))];
                                                          ^
configure:4609: $? = 1
configure: failed program was:
| /* confdefs.h */
| #define PACKAGE_NAME "OTXServer"
| #define PACKAGE_TARNAME "otxserver"
| #define PACKAGE_VERSION "2.X.Series"
| #define PACKAGE_STRING "OTXServer 2.X.Series"
| #define PACKAGE_BUGREPORT ""
| #define PACKAGE_URL ""
| #define PACKAGE "otxserver"
| #define VERSION "2.X.Series"
| #define STDC_HEADERS 1
| #define HAVE_SYS_TYPES_H 1
| #define HAVE_SYS_STAT_H 1
| #define HAVE_STDLIB_H 1
| #define HAVE_STRING_H 1
| #define HAVE_MEMORY_H 1
| #define HAVE_STRINGS_H 1
| #define HAVE_INTTYPES_H 1
| #define HAVE_STDINT_H 1
| #define HAVE_UNISTD_H 1
| #define HAVE_ARPA_INET_H 1
| #define HAVE_NETDB_H 1
| #define HAVE_NETINET_IN_H 1
| #define HAVE_STDDEF_H 1
| #define HAVE_STDINT_H 1
| #define HAVE_STDLIB_H 1
| #define HAVE_SYS_SOCKET_H 1
| #define HAVE_SYS_TIMEB_H 1
| #define HAVE_STDBOOL_H 1
| /* end confdefs.h.  */
| #include <stdio.h>
| #ifdef HAVE_SYS_TYPES_H
| # include <sys/types.h>
| #endif
| #ifdef HAVE_SYS_STAT_H
| # include <sys/stat.h>
| #endif
| #ifdef STDC_HEADERS
| # include <stdlib.h>
| # include <stddef.h>
| #else
| # ifdef HAVE_STDLIB_H
| #  include <stdlib.h>
| # endif
| #endif
| #ifdef HAVE_STRING_H
| # if !defined STDC_HEADERS && defined HAVE_MEMORY_H
| #  include <memory.h>
| # endif
| # include <string.h>
| #endif
| #ifdef HAVE_STRINGS_H
| # include <strings.h>
| #endif
| #ifdef HAVE_INTTYPES_H
| # include <inttypes.h>
| #endif
| #ifdef HAVE_STDINT_H
| # include <stdint.h>
| #endif
| #ifdef HAVE_UNISTD_H
| # include <unistd.h>
| #endif
| 	        enum { N = 32 / 2 - 1 };
| int
| main ()
| {
| static int test_array [1 - 2 * !((int32_t) (((((int32_t) 1 << N) << N) - 1) * 2 + 1)
| 		 < (int32_t) (((((int32_t) 1 << N) << N) - 1) * 2 + 2))];
| test_array [0] = 0;
| return test_array [0];
| 
|   ;
|   return 0;
| }
configure:4609: result: yes
configure:4620: checking for int64_t
configure:4620: g++ -c -g -O2  conftest.cpp >&5
configure:4620: $? = 0
configure:4620: g++ -c -g -O2  conftest.cpp >&5
conftest.cpp: In function 'int main()':
conftest.cpp:68:55: warning: integer overflow in expression [-Woverflow]
    < (int64_t) (((((int64_t) 1 << N) << N) - 1) * 2 + 2))];
                                                       ^
conftest.cpp:68:58: error: size of array 'test_array' is negative
    < (int64_t) (((((int64_t) 1 << N) << N) - 1) * 2 + 2))];
                                                          ^
configure:4620: $? = 1
configure: failed program was:
| /* confdefs.h */
| #define PACKAGE_NAME "OTXServer"
| #define PACKAGE_TARNAME "otxserver"
| #define PACKAGE_VERSION "2.X.Series"
| #define PACKAGE_STRING "OTXServer 2.X.Series"
| #define PACKAGE_BUGREPORT ""
| #define PACKAGE_URL ""
| #define PACKAGE "otxserver"
| #define VERSION "2.X.Series"
| #define STDC_HEADERS 1
| #define HAVE_SYS_TYPES_H 1
| #define HAVE_SYS_STAT_H 1
| #define HAVE_STDLIB_H 1
| #define HAVE_STRING_H 1
| #define HAVE_MEMORY_H 1
| #define HAVE_STRINGS_H 1
| #define HAVE_INTTYPES_H 1
| #define HAVE_STDINT_H 1
| #define HAVE_UNISTD_H 1
| #define HAVE_ARPA_INET_H 1
| #define HAVE_NETDB_H 1
| #define HAVE_NETINET_IN_H 1
| #define HAVE_STDDEF_H 1
| #define HAVE_STDINT_H 1
| #define HAVE_STDLIB_H 1
| #define HAVE_SYS_SOCKET_H 1
| #define HAVE_SYS_TIMEB_H 1
| #define HAVE_STDBOOL_H 1
| /* end confdefs.h.  */
| #include <stdio.h>
| #ifdef HAVE_SYS_TYPES_H
| # include <sys/types.h>
| #endif
| #ifdef HAVE_SYS_STAT_H
| # include <sys/stat.h>
| #endif
| #ifdef STDC_HEADERS
| # include <stdlib.h>
| # include <stddef.h>
| #else
| # ifdef HAVE_STDLIB_H
| #  include <stdlib.h>
| # endif
| #endif
| #ifdef HAVE_STRING_H
| # if !defined STDC_HEADERS && defined HAVE_MEMORY_H
| #  include <memory.h>
| # endif
| # include <string.h>
| #endif
| #ifdef HAVE_STRINGS_H
| # include <strings.h>
| #endif
| #ifdef HAVE_INTTYPES_H
| # include <inttypes.h>
| #endif
| #ifdef HAVE_STDINT_H
| # include <stdint.h>
| #endif
| #ifdef HAVE_UNISTD_H
| # include <unistd.h>
| #endif
| 	        enum { N = 64 / 2 - 1 };
| int
| main ()
| {
| static int test_array [1 - 2 * !((int64_t) (((((int64_t) 1 << N) << N) - 1) * 2 + 1)
| 		 < (int64_t) (((((int64_t) 1 << N) << N) - 1) * 2 + 2))];
| test_array [0] = 0;
| return test_array [0];
| 
|   ;
|   return 0;
| }
configure:4620: result: yes
configure:4631: checking for size_t
configure:4631: g++ -c -g -O2  conftest.cpp >&5
configure:4631: $? = 0
configure:4631: g++ -c -g -O2  conftest.cpp >&5
conftest.cpp: In function 'int main()':
conftest.cpp:66:20: error: expected primary-expression before ')' token
 if (sizeof ((size_t)))
                    ^
configure:4631: $? = 1
configure: failed program was:
| /* confdefs.h */
| #define PACKAGE_NAME "OTXServer"
| #define PACKAGE_TARNAME "otxserver"
| #define PACKAGE_VERSION "2.X.Series"
| #define PACKAGE_STRING "OTXServer 2.X.Series"
| #define PACKAGE_BUGREPORT ""
| #define PACKAGE_URL ""
| #define PACKAGE "otxserver"
| #define VERSION "2.X.Series"
| #define STDC_HEADERS 1
| #define HAVE_SYS_TYPES_H 1
| #define HAVE_SYS_STAT_H 1
| #define HAVE_STDLIB_H 1
| #define HAVE_STRING_H 1
| #define HAVE_MEMORY_H 1
| #define HAVE_STRINGS_H 1
| #define HAVE_INTTYPES_H 1
| #define HAVE_STDINT_H 1
| #define HAVE_UNISTD_H 1
| #define HAVE_ARPA_INET_H 1
| #define HAVE_NETDB_H 1
| #define HAVE_NETINET_IN_H 1
| #define HAVE_STDDEF_H 1
| #define HAVE_STDINT_H 1
| #define HAVE_STDLIB_H 1
| #define HAVE_SYS_SOCKET_H 1
| #define HAVE_SYS_TIMEB_H 1
| #define HAVE_STDBOOL_H 1
| /* end confdefs.h.  */
| #include <stdio.h>
| #ifdef HAVE_SYS_TYPES_H
| # include <sys/types.h>
| #endif
| #ifdef HAVE_SYS_STAT_H
| # include <sys/stat.h>
| #endif
| #ifdef STDC_HEADERS
| # include <stdlib.h>
| # include <stddef.h>
| #else
| # ifdef HAVE_STDLIB_H
| #  include <stdlib.h>
| # endif
| #endif
| #ifdef HAVE_STRING_H
| # if !defined STDC_HEADERS && defined HAVE_MEMORY_H
| #  include <memory.h>
| # endif
| # include <string.h>
| #endif
| #ifdef HAVE_STRINGS_H
| # include <strings.h>
| #endif
| #ifdef HAVE_INTTYPES_H
| # include <inttypes.h>
| #endif
| #ifdef HAVE_STDINT_H
| # include <stdint.h>
| #endif
| #ifdef HAVE_UNISTD_H
| # include <unistd.h>
| #endif
| int
| main ()
| {
| if (sizeof ((size_t)))
| 	    return 0;
|   ;
|   return 0;
| }
configure:4631: result: yes
configure:4642: checking whether struct tm is in sys/time.h or time.h
configure:4662: g++ -c -g -O2  conftest.cpp >&5
configure:4662: $? = 0
configure:4669: result: time.h
configure:4677: checking for uint16_t
configure:4677: g++ -c -g -O2  conftest.cpp >&5
configure:4677: $? = 0
configure:4677: result: yes
configure:4689: checking for uint32_t
configure:4689: g++ -c -g -O2  conftest.cpp >&5
configure:4689: $? = 0
configure:4689: result: yes
configure:4703: checking for uint64_t
configure:4703: g++ -c -g -O2  conftest.cpp >&5
configure:4703: $? = 0
configure:4703: result: yes
configure:4717: checking for uint8_t
configure:4717: g++ -c -g -O2  conftest.cpp >&5
configure:4717: $? = 0
configure:4717: result: yes
configure:4731: checking for ptrdiff_t
configure:4731: g++ -c -g -O2  conftest.cpp >&5
configure:4731: $? = 0
configure:4731: g++ -c -g -O2  conftest.cpp >&5
conftest.cpp: In function 'int main()':
conftest.cpp:66:23: error: expected primary-expression before ')' token
 if (sizeof ((ptrdiff_t)))
                       ^
configure:4731: $? = 1
configure: failed program was:
| /* confdefs.h */
| #define PACKAGE_NAME "OTXServer"
| #define PACKAGE_TARNAME "otxserver"
| #define PACKAGE_VERSION "2.X.Series"
| #define PACKAGE_STRING "OTXServer 2.X.Series"
| #define PACKAGE_BUGREPORT ""
| #define PACKAGE_URL ""
| #define PACKAGE "otxserver"
| #define VERSION "2.X.Series"
| #define STDC_HEADERS 1
| #define HAVE_SYS_TYPES_H 1
| #define HAVE_SYS_STAT_H 1
| #define HAVE_STDLIB_H 1
| #define HAVE_STRING_H 1
| #define HAVE_MEMORY_H 1
| #define HAVE_STRINGS_H 1
| #define HAVE_INTTYPES_H 1
| #define HAVE_STDINT_H 1
| #define HAVE_UNISTD_H 1
| #define HAVE_ARPA_INET_H 1
| #define HAVE_NETDB_H 1
| #define HAVE_NETINET_IN_H 1
| #define HAVE_STDDEF_H 1
| #define HAVE_STDINT_H 1
| #define HAVE_STDLIB_H 1
| #define HAVE_SYS_SOCKET_H 1
| #define HAVE_SYS_TIMEB_H 1
| #define HAVE_STDBOOL_H 1
| /* end confdefs.h.  */
| #include <stdio.h>
| #ifdef HAVE_SYS_TYPES_H
| # include <sys/types.h>
| #endif
| #ifdef HAVE_SYS_STAT_H
| # include <sys/stat.h>
| #endif
| #ifdef STDC_HEADERS
| # include <stdlib.h>
| # include <stddef.h>
| #else
| # ifdef HAVE_STDLIB_H
| #  include <stdlib.h>
| # endif
| #endif
| #ifdef HAVE_STRING_H
| # if !defined STDC_HEADERS && defined HAVE_MEMORY_H
| #  include <memory.h>
| # endif
| # include <string.h>
| #endif
| #ifdef HAVE_STRINGS_H
| # include <strings.h>
| #endif
| #ifdef HAVE_INTTYPES_H
| # include <inttypes.h>
| #endif
| #ifdef HAVE_STDINT_H
| # include <stdint.h>
| #endif
| #ifdef HAVE_UNISTD_H
| # include <unistd.h>
| #endif
| int
| main ()
| {
| if (sizeof ((ptrdiff_t)))
| 	    return 0;
|   ;
|   return 0;
| }
configure:4731: result: yes
configure:4745: checking for stdlib.h
configure:4745: result: yes
configure:4755: checking for GNU libc compatible malloc
configure:4779: g++ -o conftest -g -O2   conftest.cpp  >&5
configure:4779: $? = 0
configure:4779: ./conftest
configure:4779: $? = 0
configure:4789: result: yes
configure:4810: checking for working memcmp
configure:4853: g++ -o conftest -g -O2   conftest.cpp  >&5
configure:4853: $? = 0
configure:4853: ./conftest
configure:4853: $? = 0
configure:4863: result: yes
configure:4874: checking for stdlib.h
configure:4874: result: yes
configure:4884: checking for GNU libc compatible realloc
configure:4908: g++ -o conftest -g -O2   conftest.cpp  >&5
configure:4908: $? = 0
configure:4908: ./conftest
configure:4908: $? = 0
configure:4918: result: yes
configure:4942: checking for ceil
configure:4942: g++ -o conftest -g -O2   conftest.cpp  >&5
configure:4942: $? = 0
configure:4942: result: yes
configure:4942: checking for floor
configure:4942: g++ -o conftest -g -O2   conftest.cpp  >&5
configure:4942: $? = 0
configure:4942: result: yes
configure:4942: checking for ftime
configure:4942: g++ -o conftest -g -O2   conftest.cpp  >&5
configure:4942: $? = 0
configure:4942: result: yes
configure:4942: checking for gethostbyname
configure:4942: g++ -o conftest -g -O2   conftest.cpp  >&5
configure:4942: $? = 0
configure:4942: result: yes
configure:4942: checking for gethostname
configure:4942: g++ -o conftest -g -O2   conftest.cpp  >&5
configure:4942: $? = 0
configure:4942: result: yes
configure:4942: checking for memset
configure:4942: g++ -o conftest -g -O2   conftest.cpp  >&5
configure:4942: $? = 0
configure:4942: result: yes
configure:4942: checking for pow
configure:4942: g++ -o conftest -g -O2   conftest.cpp  >&5
configure:4942: $? = 0
configure:4942: result: yes
configure:4942: checking for sqrt
configure:4942: g++ -o conftest -g -O2   conftest.cpp  >&5
configure:4942: $? = 0
configure:4942: result: yes
configure:4942: checking for strcasecmp
configure:4942: g++ -o conftest -g -O2   conftest.cpp  >&5
configure:4942: $? = 0
configure:4942: result: yes
configure:4942: checking for strncasecmp
configure:4942: g++ -o conftest -g -O2   conftest.cpp  >&5
configure:4942: $? = 0
configure:4942: result: yes
configure:4942: checking for strstr
configure:4942: g++ -o conftest -g -O2   conftest.cpp  >&5
configure:4942: $? = 0
configure:4942: result: yes
configure:4942: checking for strtol
configure:4942: g++ -o conftest -g -O2   conftest.cpp  >&5
configure:4942: $? = 0
configure:4942: result: yes
configure:4993: checking for xml2-config
configure:5011: found /usr/bin/xml2-config
configure:5024: result: /usr/bin/xml2-config
configure:5033: checking for libxml - version >= 2.6.5
configure:5135: g++ -o conftest -g -O2  -I/usr/include/libxml2  conftest.cpp -lxml2 -lz -lm -ldl  >&5
configure:5135: $? = 0
configure:5135: ./conftest
configure:5135: $? = 0
configure:5150: result: yes (version 2.9.1)
configure:5218: checking gmp.h usability
configure:5218: g++ -c -g -O2  conftest.cpp >&5
configure:5218: $? = 0
configure:5218: result: yes
configure:5218: checking gmp.h presence
configure:5218: g++ -E  conftest.cpp
configure:5218: $? = 0
configure:5218: result: yes
configure:5218: checking for gmp.h
configure:5218: result: yes
configure:5230: checking for __gmpz_init2 in -lgmp
configure:5255: g++ -o conftest -g -O2   conftest.cpp -lgmp   -lxml2 -lz -lm -ldl >&5
configure:5255: $? = 0
configure:5264: result: yes
configure:5281: checking zlib.h usability
configure:5281: g++ -c -g -O2  conftest.cpp >&5
configure:5281: $? = 0
configure:5281: result: yes
configure:5281: checking zlib.h presence
configure:5281: g++ -E  conftest.cpp
configure:5281: $? = 0
configure:5281: result: yes
configure:5281: checking for zlib.h
configure:5281: result: yes
configure:5293: checking for main in -lz
configure:5312: g++ -o conftest -g -O2   conftest.cpp -lz  -lgmp  -lxml2 -lz -lm -ldl >&5
configure:5312: $? = 0
configure:5321: result: yes
configure:5338: checking pthread.h usability
configure:5338: g++ -c -g -O2  conftest.cpp >&5
configure:5338: $? = 0
configure:5338: result: yes
configure:5338: checking pthread.h presence
configure:5338: g++ -E  conftest.cpp
configure:5338: $? = 0
configure:5338: result: yes
configure:5338: checking for pthread.h
configure:5338: result: yes
configure:5350: checking for main in -lpthread
configure:5369: g++ -o conftest -g -O2   conftest.cpp -lpthread  -lz -lgmp  -lxml2 -lz -lm -ldl >&5
configure:5369: $? = 0
configure:5378: result: yes
configure:5396: checking openssl/bn.h usability
configure:5396: g++ -c -g -O2  conftest.cpp >&5
configure:5396: $? = 0
configure:5396: result: yes
configure:5396: checking openssl/bn.h presence
configure:5396: g++ -E  conftest.cpp
configure:5396: $? = 0
configure:5396: result: yes
configure:5396: checking for openssl/bn.h
configure:5396: result: yes
configure:5396: checking openssl/err.h usability
configure:5396: g++ -c -g -O2  conftest.cpp >&5
configure:5396: $? = 0
configure:5396: result: yes
configure:5396: checking openssl/err.h presence
configure:5396: g++ -E  conftest.cpp
configure:5396: $? = 0
configure:5396: result: yes
configure:5396: checking for openssl/err.h
configure:5396: result: yes
configure:5396: checking openssl/sha.h usability
configure:5396: g++ -c -g -O2  conftest.cpp >&5
configure:5396: $? = 0
configure:5396: result: yes
configure:5396: checking openssl/sha.h presence
configure:5396: g++ -E  conftest.cpp
configure:5396: $? = 0
configure:5396: result: yes
configure:5396: checking for openssl/sha.h
configure:5396: result: yes
configure:5396: checking openssl/md5.h usability
configure:5396: g++ -c -g -O2  conftest.cpp >&5
configure:5396: $? = 0
configure:5396: result: yes
configure:5396: checking openssl/md5.h presence
configure:5396: g++ -E  conftest.cpp
configure:5396: $? = 0
configure:5396: result: yes
configure:5396: checking for openssl/md5.h
configure:5396: result: yes
configure:5408: checking for main in -lcrypto
configure:5427: g++ -o conftest -g -O2   conftest.cpp -lcrypto  -lpthread -lz -lgmp  -lxml2 -lz -lm -ldl >&5
configure:5427: $? = 0
configure:5436: result: yes
configure:5451: checking for main in -lboost_thread-gcc-mt
configure:5470: g++ -o conftest -g -O2   conftest.cpp -lboost_thread-gcc-mt  -lcrypto -lpthread -lz -lgmp  -lxml2 -lz -lm -ldl >&5
/usr/bin/ld: cannot find -lboost_thread-gcc-mt
collect2: error: ld returned 1 exit status
configure:5470: $? = 1
configure: failed program was:
| /* confdefs.h */
| #define PACKAGE_NAME "OTXServer"
| #define PACKAGE_TARNAME "otxserver"
| #define PACKAGE_VERSION "2.X.Series"
| #define PACKAGE_STRING "OTXServer 2.X.Series"
| #define PACKAGE_BUGREPORT ""
| #define PACKAGE_URL ""
| #define PACKAGE "otxserver"
| #define VERSION "2.X.Series"
| #define STDC_HEADERS 1
| #define HAVE_SYS_TYPES_H 1
| #define HAVE_SYS_STAT_H 1
| #define HAVE_STDLIB_H 1
| #define HAVE_STRING_H 1
| #define HAVE_MEMORY_H 1
| #define HAVE_STRINGS_H 1
| #define HAVE_INTTYPES_H 1
| #define HAVE_STDINT_H 1
| #define HAVE_UNISTD_H 1
| #define HAVE_ARPA_INET_H 1
| #define HAVE_NETDB_H 1
| #define HAVE_NETINET_IN_H 1
| #define HAVE_STDDEF_H 1
| #define HAVE_STDINT_H 1
| #define HAVE_STDLIB_H 1
| #define HAVE_SYS_SOCKET_H 1
| #define HAVE_SYS_TIMEB_H 1
| #define HAVE_STDBOOL_H 1
| #define HAVE_PTRDIFF_T 1
| #define HAVE_STDLIB_H 1
| #define HAVE_MALLOC 1
| #define HAVE_STDLIB_H 1
| #define HAVE_REALLOC 1
| #define HAVE_CEIL 1
| #define HAVE_FLOOR 1
| #define HAVE_FTIME 1
| #define HAVE_GETHOSTBYNAME 1
| #define HAVE_GETHOSTNAME 1
| #define HAVE_MEMSET 1
| #define HAVE_POW 1
| #define HAVE_SQRT 1
| #define HAVE_STRCASECMP 1
| #define HAVE_STRNCASECMP 1
| #define HAVE_STRSTR 1
| #define HAVE_STRTOL 1
| #define HAVE_GMP_H 1
| #define HAVE_LIBGMP 1
| #define HAVE_ZLIB_H 1
| #define HAVE_LIBZ 1
| #define HAVE_PTHREAD_H 1
| #define HAVE_LIBPTHREAD 1
| #define HAVE_OPENSSL_BN_H 1
| #define HAVE_OPENSSL_ERR_H 1
| #define HAVE_OPENSSL_SHA_H 1
| #define HAVE_OPENSSL_MD5_H 1
| #define HAVE_LIBCRYPTO 1
| /* end confdefs.h.  */
| 
| 
| int
| main ()
| {
| return main ();
|   ;
|   return 0;
| }
configure:5479: result: no
configure:5490: checking for main in -lboost_thread-mt
configure:5509: g++ -o conftest -g -O2   conftest.cpp -lboost_thread-mt  -lcrypto -lpthread -lz -lgmp  -lxml2 -lz -lm -ldl >&5
configure:5509: $? = 0
configure:5518: result: yes
configure:5579: checking for main in -lboost_regex-gcc-mt
configure:5598: g++ -o conftest -g -O2   conftest.cpp -lboost_regex-gcc-mt  -lboost_thread-mt -lcrypto -lpthread -lz -lgmp  -lxml2 -lz -lm -ldl >&5
/usr/bin/ld: cannot find -lboost_regex-gcc-mt
collect2: error: ld returned 1 exit status
configure:5598: $? = 1
configure: failed program was:
| /* confdefs.h */
| #define PACKAGE_NAME "OTXServer"
| #define PACKAGE_TARNAME "otxserver"
| #define PACKAGE_VERSION "2.X.Series"
| #define PACKAGE_STRING "OTXServer 2.X.Series"
| #define PACKAGE_BUGREPORT ""
| #define PACKAGE_URL ""
| #define PACKAGE "otxserver"
| #define VERSION "2.X.Series"
| #define STDC_HEADERS 1
| #define HAVE_SYS_TYPES_H 1
| #define HAVE_SYS_STAT_H 1
| #define HAVE_STDLIB_H 1
| #define HAVE_STRING_H 1
| #define HAVE_MEMORY_H 1
| #define HAVE_STRINGS_H 1
| #define HAVE_INTTYPES_H 1
| #define HAVE_STDINT_H 1
| #define HAVE_UNISTD_H 1
| #define HAVE_ARPA_INET_H 1
| #define HAVE_NETDB_H 1
| #define HAVE_NETINET_IN_H 1
| #define HAVE_STDDEF_H 1
| #define HAVE_STDINT_H 1
| #define HAVE_STDLIB_H 1
| #define HAVE_SYS_SOCKET_H 1
| #define HAVE_SYS_TIMEB_H 1
| #define HAVE_STDBOOL_H 1
| #define HAVE_PTRDIFF_T 1
| #define HAVE_STDLIB_H 1
| #define HAVE_MALLOC 1
| #define HAVE_STDLIB_H 1
| #define HAVE_REALLOC 1
| #define HAVE_CEIL 1
| #define HAVE_FLOOR 1
| #define HAVE_FTIME 1
| #define HAVE_GETHOSTBYNAME 1
| #define HAVE_GETHOSTNAME 1
| #define HAVE_MEMSET 1
| #define HAVE_POW 1
| #define HAVE_SQRT 1
| #define HAVE_STRCASECMP 1
| #define HAVE_STRNCASECMP 1
| #define HAVE_STRSTR 1
| #define HAVE_STRTOL 1
| #define HAVE_GMP_H 1
| #define HAVE_LIBGMP 1
| #define HAVE_ZLIB_H 1
| #define HAVE_LIBZ 1
| #define HAVE_PTHREAD_H 1
| #define HAVE_LIBPTHREAD 1
| #define HAVE_OPENSSL_BN_H 1
| #define HAVE_OPENSSL_ERR_H 1
| #define HAVE_OPENSSL_SHA_H 1
| #define HAVE_OPENSSL_MD5_H 1
| #define HAVE_LIBCRYPTO 1
| #define HAVE_LIBBOOST_THREAD_MT 1
| /* end confdefs.h.  */
| 
| 
| int
| main ()
| {
| return main ();
|   ;
|   return 0;
| }
configure:5607: result: no
configure:5618: checking for main in -lboost_regex-mt
configure:5637: g++ -o conftest -g -O2   conftest.cpp -lboost_regex-mt  -lboost_thread-mt -lcrypto -lpthread -lz -lgmp  -lxml2 -lz -lm -ldl >&5
configure:5637: $? = 0
configure:5646: result: yes
configure:5707: checking for main in -lboost_system-gcc-mt
configure:5726: g++ -o conftest -g -O2   conftest.cpp -lboost_system-gcc-mt  -lboost_regex-mt -lboost_thread-mt -lcrypto -lpthread -lz -lgmp  -lxml2 -lz -lm -ldl >&5
/usr/bin/ld: cannot find -lboost_system-gcc-mt
collect2: error: ld returned 1 exit status
configure:5726: $? = 1
configure: failed program was:
| /* confdefs.h */
| #define PACKAGE_NAME "OTXServer"
| #define PACKAGE_TARNAME "otxserver"
| #define PACKAGE_VERSION "2.X.Series"
| #define PACKAGE_STRING "OTXServer 2.X.Series"
| #define PACKAGE_BUGREPORT ""
| #define PACKAGE_URL ""
| #define PACKAGE "otxserver"
| #define VERSION "2.X.Series"
| #define STDC_HEADERS 1
| #define HAVE_SYS_TYPES_H 1
| #define HAVE_SYS_STAT_H 1
| #define HAVE_STDLIB_H 1
| #define HAVE_STRING_H 1
| #define HAVE_MEMORY_H 1
| #define HAVE_STRINGS_H 1
| #define HAVE_INTTYPES_H 1
| #define HAVE_STDINT_H 1
| #define HAVE_UNISTD_H 1
| #define HAVE_ARPA_INET_H 1
| #define HAVE_NETDB_H 1
| #define HAVE_NETINET_IN_H 1
| #define HAVE_STDDEF_H 1
| #define HAVE_STDINT_H 1
| #define HAVE_STDLIB_H 1
| #define HAVE_SYS_SOCKET_H 1
| #define HAVE_SYS_TIMEB_H 1
| #define HAVE_STDBOOL_H 1
| #define HAVE_PTRDIFF_T 1
| #define HAVE_STDLIB_H 1
| #define HAVE_MALLOC 1
| #define HAVE_STDLIB_H 1
| #define HAVE_REALLOC 1
| #define HAVE_CEIL 1
| #define HAVE_FLOOR 1
| #define HAVE_FTIME 1
| #define HAVE_GETHOSTBYNAME 1
| #define HAVE_GETHOSTNAME 1
| #define HAVE_MEMSET 1
| #define HAVE_POW 1
| #define HAVE_SQRT 1
| #define HAVE_STRCASECMP 1
| #define HAVE_STRNCASECMP 1
| #define HAVE_STRSTR 1
| #define HAVE_STRTOL 1
| #define HAVE_GMP_H 1
| #define HAVE_LIBGMP 1
| #define HAVE_ZLIB_H 1
| #define HAVE_LIBZ 1
| #define HAVE_PTHREAD_H 1
| #define HAVE_LIBPTHREAD 1
| #define HAVE_OPENSSL_BN_H 1
| #define HAVE_OPENSSL_ERR_H 1
| #define HAVE_OPENSSL_SHA_H 1
| #define HAVE_OPENSSL_MD5_H 1
| #define HAVE_LIBCRYPTO 1
| #define HAVE_LIBBOOST_THREAD_MT 1
| #define HAVE_LIBBOOST_REGEX_MT 1
| /* end confdefs.h.  */
| 
| 
| int
| main ()
| {
| return main ();
|   ;
|   return 0;
| }
configure:5735: result: no
configure:5746: checking for main in -lboost_system-mt
configure:5765: g++ -o conftest -g -O2   conftest.cpp -lboost_system-mt  -lboost_regex-mt -lboost_thread-mt -lcrypto -lpthread -lz -lgmp  -lxml2 -lz -lm -ldl >&5
configure:5765: $? = 0
configure:5774: result: yes
configure:5835: checking for main in -lboost_date_time-gcc-mt
configure:5854: g++ -o conftest -g -O2   conftest.cpp -lboost_date_time-gcc-mt  -lboost_system-mt -lboost_regex-mt -lboost_thread-mt -lcrypto -lpthread -lz -lgmp  -lxml2 -lz -lm -ldl >&5
/usr/bin/ld: cannot find -lboost_date_time-gcc-mt
collect2: error: ld returned 1 exit status
configure:5854: $? = 1
configure: failed program was:
| /* confdefs.h */
| #define PACKAGE_NAME "OTXServer"
| #define PACKAGE_TARNAME "otxserver"
| #define PACKAGE_VERSION "2.X.Series"
| #define PACKAGE_STRING "OTXServer 2.X.Series"
| #define PACKAGE_BUGREPORT ""
| #define PACKAGE_URL ""
| #define PACKAGE "otxserver"
| #define VERSION "2.X.Series"
| #define STDC_HEADERS 1
| #define HAVE_SYS_TYPES_H 1
| #define HAVE_SYS_STAT_H 1
| #define HAVE_STDLIB_H 1
| #define HAVE_STRING_H 1
| #define HAVE_MEMORY_H 1
| #define HAVE_STRINGS_H 1
| #define HAVE_INTTYPES_H 1
| #define HAVE_STDINT_H 1
| #define HAVE_UNISTD_H 1
| #define HAVE_ARPA_INET_H 1
| #define HAVE_NETDB_H 1
| #define HAVE_NETINET_IN_H 1
| #define HAVE_STDDEF_H 1
| #define HAVE_STDINT_H 1
| #define HAVE_STDLIB_H 1
| #define HAVE_SYS_SOCKET_H 1
| #define HAVE_SYS_TIMEB_H 1
| #define HAVE_STDBOOL_H 1
| #define HAVE_PTRDIFF_T 1
| #define HAVE_STDLIB_H 1
| #define HAVE_MALLOC 1
| #define HAVE_STDLIB_H 1
| #define HAVE_REALLOC 1
| #define HAVE_CEIL 1
| #define HAVE_FLOOR 1
| #define HAVE_FTIME 1
| #define HAVE_GETHOSTBYNAME 1
| #define HAVE_GETHOSTNAME 1
| #define HAVE_MEMSET 1
| #define HAVE_POW 1
| #define HAVE_SQRT 1
| #define HAVE_STRCASECMP 1
| #define HAVE_STRNCASECMP 1
| #define HAVE_STRSTR 1
| #define HAVE_STRTOL 1
| #define HAVE_GMP_H 1
| #define HAVE_LIBGMP 1
| #define HAVE_ZLIB_H 1
| #define HAVE_LIBZ 1
| #define HAVE_PTHREAD_H 1
| #define HAVE_LIBPTHREAD 1
| #define HAVE_OPENSSL_BN_H 1
| #define HAVE_OPENSSL_ERR_H 1
| #define HAVE_OPENSSL_SHA_H 1
| #define HAVE_OPENSSL_MD5_H 1
| #define HAVE_LIBCRYPTO 1
| #define HAVE_LIBBOOST_THREAD_MT 1
| #define HAVE_LIBBOOST_REGEX_MT 1
| #define HAVE_LIBBOOST_SYSTEM_MT 1
| /* end confdefs.h.  */
| 
| 
| int
| main ()
| {
| return main ();
|   ;
|   return 0;
| }
configure:5863: result: no
configure:5874: checking for main in -lboost_date_time-mt
configure:5893: g++ -o conftest -g -O2   conftest.cpp -lboost_date_time-mt  -lboost_system-mt -lboost_regex-mt -lboost_thread-mt -lcrypto -lpthread -lz -lgmp  -lxml2 -lz -lm -ldl >&5
configure:5893: $? = 0
configure:5902: result: yes
configure:5963: checking for main in -lboost_filesystem-gcc-mt
configure:5982: g++ -o conftest -g -O2   conftest.cpp -lboost_filesystem-gcc-mt  -lboost_date_time-mt -lboost_system-mt -lboost_regex-mt -lboost_thread-mt -lcrypto -lpthread -lz -lgmp  -lxml2 -lz -lm -ldl >&5
/usr/bin/ld: cannot find -lboost_filesystem-gcc-mt
collect2: error: ld returned 1 exit status
configure:5982: $? = 1
configure: failed program was:
| /* confdefs.h */
| #define PACKAGE_NAME "OTXServer"
| #define PACKAGE_TARNAME "otxserver"
| #define PACKAGE_VERSION "2.X.Series"
| #define PACKAGE_STRING "OTXServer 2.X.Series"
| #define PACKAGE_BUGREPORT ""
| #define PACKAGE_URL ""
| #define PACKAGE "otxserver"
| #define VERSION "2.X.Series"
| #define STDC_HEADERS 1
| #define HAVE_SYS_TYPES_H 1
| #define HAVE_SYS_STAT_H 1
| #define HAVE_STDLIB_H 1
| #define HAVE_STRING_H 1
| #define HAVE_MEMORY_H 1
| #define HAVE_STRINGS_H 1
| #define HAVE_INTTYPES_H 1
| #define HAVE_STDINT_H 1
| #define HAVE_UNISTD_H 1
| #define HAVE_ARPA_INET_H 1
| #define HAVE_NETDB_H 1
| #define HAVE_NETINET_IN_H 1
| #define HAVE_STDDEF_H 1
| #define HAVE_STDINT_H 1
| #define HAVE_STDLIB_H 1
| #define HAVE_SYS_SOCKET_H 1
| #define HAVE_SYS_TIMEB_H 1
| #define HAVE_STDBOOL_H 1
| #define HAVE_PTRDIFF_T 1
| #define HAVE_STDLIB_H 1
| #define HAVE_MALLOC 1
| #define HAVE_STDLIB_H 1
| #define HAVE_REALLOC 1
| #define HAVE_CEIL 1
| #define HAVE_FLOOR 1
| #define HAVE_FTIME 1
| #define HAVE_GETHOSTBYNAME 1
| #define HAVE_GETHOSTNAME 1
| #define HAVE_MEMSET 1
| #define HAVE_POW 1
| #define HAVE_SQRT 1
| #define HAVE_STRCASECMP 1
| #define HAVE_STRNCASECMP 1
| #define HAVE_STRSTR 1
| #define HAVE_STRTOL 1
| #define HAVE_GMP_H 1
| #define HAVE_LIBGMP 1
| #define HAVE_ZLIB_H 1
| #define HAVE_LIBZ 1
| #define HAVE_PTHREAD_H 1
| #define HAVE_LIBPTHREAD 1
| #define HAVE_OPENSSL_BN_H 1
| #define HAVE_OPENSSL_ERR_H 1
| #define HAVE_OPENSSL_SHA_H 1
| #define HAVE_OPENSSL_MD5_H 1
| #define HAVE_LIBCRYPTO 1
| #define HAVE_LIBBOOST_THREAD_MT 1
| #define HAVE_LIBBOOST_REGEX_MT 1
| #define HAVE_LIBBOOST_SYSTEM_MT 1
| #define HAVE_LIBBOOST_DATE_TIME_MT 1
| /* end confdefs.h.  */
| 
| 
| int
| main ()
| {
| return main ();
|   ;
|   return 0;
| }
configure:5991: result: no
configure:6002: checking for main in -lboost_filesystem-mt
configure:6021: g++ -o conftest -g -O2   conftest.cpp -lboost_filesystem-mt  -lboost_date_time-mt -lboost_system-mt -lboost_regex-mt -lboost_thread-mt -lcrypto -lpthread -lz -lgmp  -lxml2 -lz -lm -ldl >&5
configure:6021: $? = 0
configure:6030: result: yes
configure:6486: checking for LUA
configure:6659: result: no
configure:6664: checking lua.h usability
configure:6664: g++ -c -g -O2  conftest.cpp >&5
configure:6664: $? = 0
configure:6664: result: yes
configure:6664: checking lua.h presence
configure:6664: g++ -E  conftest.cpp
configure:6664: $? = 0
configure:6664: result: yes
configure:6664: checking for lua.h
configure:6664: result: yes
configure:6692: checking for main in -llua
configure:6711: g++ -o conftest -g -O2   conftest.cpp -llua  -lboost_filesystem-mt -lboost_date_time-mt -lboost_system-mt -lboost_regex-mt -lboost_thread-mt -lcrypto -lpthread -lz -lgmp  -lxml2 -lz -lm -ldl >&5
configure:6711: $? = 0
configure:6720: result: yes
configure:6816: checking mysql/mysql.h usability
configure:6816: g++ -c -g -O2  conftest.cpp >&5
configure:6816: $? = 0
configure:6816: result: yes
configure:6816: checking mysql/mysql.h presence
configure:6816: g++ -E  conftest.cpp
configure:6816: $? = 0
configure:6816: result: yes
configure:6816: checking for mysql/mysql.h
configure:6816: result: yes
configure:6828: checking for main in -lmysqlclient
configure:6847: g++ -o conftest -g -O2   conftest.cpp -lmysqlclient  -llua -lboost_filesystem-mt -lboost_date_time-mt -lboost_system-mt -lboost_regex-mt -lboost_thread-mt -lcrypto -lpthread -lz -lgmp  -lxml2 -lz -lm -ldl >&5
configure:6847: $? = 0
configure:6856: result: yes
configure:7258: checking that generated files are newer than configure
configure:7264: result: done
configure:7339: creating ./config.status

## ---------------------- ##
## Running config.status. ##
## ---------------------- ##

This file was extended by OTXServer config.status 2.X.Series, which was
generated by GNU Autoconf 2.69.  Invocation command line was

  CONFIG_FILES    = 
  CONFIG_HEADERS  = 
  CONFIG_LINKS    = 
  CONFIG_COMMANDS = 
  $ ./config.status 

on centos-s-2vcpu-4gb-nyc3-01

config.status:930: creating Makefile
config.status:930: creating config.h
config.status:1111: config.h is unchanged
config.status:1159: executing depfiles commands

## ---------------- ##
## Cache variables. ##
## ---------------- ##

ac_cv_c_const=yes
ac_cv_c_inline=inline
ac_cv_c_int16_t=yes
ac_cv_c_int32_t=yes
ac_cv_c_int64_t=yes
ac_cv_c_uint16_t=yes
ac_cv_c_uint32_t=yes
ac_cv_c_uint64_t=yes
ac_cv_c_uint8_t=yes
ac_cv_cxx_compiler_gnu=yes
ac_cv_env_CCC_set=
ac_cv_env_CCC_value=
ac_cv_env_CPPFLAGS_set=
ac_cv_env_CPPFLAGS_value=
ac_cv_env_CXXCPP_set=
ac_cv_env_CXXCPP_value=
ac_cv_env_CXXFLAGS_set=
ac_cv_env_CXXFLAGS_value=
ac_cv_env_CXX_set=
ac_cv_env_CXX_value=
ac_cv_env_LDFLAGS_set=
ac_cv_env_LDFLAGS_value=
ac_cv_env_LIBS_set=
ac_cv_env_LIBS_value=
ac_cv_env_LUA_CFLAGS_set=
ac_cv_env_LUA_CFLAGS_value=
ac_cv_env_LUA_LIBS_set=
ac_cv_env_LUA_LIBS_value=
ac_cv_env_PKG_CONFIG_LIBDIR_set=
ac_cv_env_PKG_CONFIG_LIBDIR_value=
ac_cv_env_PKG_CONFIG_PATH_set=
ac_cv_env_PKG_CONFIG_PATH_value=
ac_cv_env_PKG_CONFIG_set=
ac_cv_env_PKG_CONFIG_value=
ac_cv_env_build_alias_set=
ac_cv_env_build_alias_value=
ac_cv_env_host_alias_set=
ac_cv_env_host_alias_value=
ac_cv_env_target_alias_set=
ac_cv_env_target_alias_value=
ac_cv_func_ceil=yes
ac_cv_func_floor=yes
ac_cv_func_ftime=yes
ac_cv_func_gethostbyname=yes
ac_cv_func_gethostname=yes
ac_cv_func_malloc_0_nonnull=yes
ac_cv_func_memcmp_working=yes
ac_cv_func_memset=yes
ac_cv_func_pow=yes
ac_cv_func_realloc_0_nonnull=yes
ac_cv_func_sqrt=yes
ac_cv_func_strcasecmp=yes
ac_cv_func_strncasecmp=yes
ac_cv_func_strstr=yes
ac_cv_func_strtol=yes
ac_cv_header_arpa_inet_h=yes
ac_cv_header_gmp_h=yes
ac_cv_header_inttypes_h=yes
ac_cv_header_lua_h=yes
ac_cv_header_memory_h=yes
ac_cv_header_mysql_mysql_h=yes
ac_cv_header_netdb_h=yes
ac_cv_header_netinet_in_h=yes
ac_cv_header_openssl_bn_h=yes
ac_cv_header_openssl_err_h=yes
ac_cv_header_openssl_md5_h=yes
ac_cv_header_openssl_sha_h=yes
ac_cv_header_pthread_h=yes
ac_cv_header_stdbool_h=yes
ac_cv_header_stdc=yes
ac_cv_header_stddef_h=yes
ac_cv_header_stdint_h=yes
ac_cv_header_stdlib_h=yes
ac_cv_header_string_h=yes
ac_cv_header_strings_h=yes
ac_cv_header_sys_socket_h=yes
ac_cv_header_sys_stat_h=yes
ac_cv_header_sys_timeb_h=yes
ac_cv_header_sys_types_h=yes
ac_cv_header_unistd_h=yes
ac_cv_header_zlib_h=yes
ac_cv_lib_boost_date_time_gcc_mt_main=no
ac_cv_lib_boost_date_time_mt_main=yes
ac_cv_lib_boost_filesystem_gcc_mt_main=no
ac_cv_lib_boost_filesystem_mt_main=yes
ac_cv_lib_boost_regex_gcc_mt_main=no
ac_cv_lib_boost_regex_mt_main=yes
ac_cv_lib_boost_system_gcc_mt_main=no
ac_cv_lib_boost_system_mt_main=yes
ac_cv_lib_boost_thread_gcc_mt_main=no
ac_cv_lib_boost_thread_mt_main=yes
ac_cv_lib_crypto_main=yes
ac_cv_lib_gmp___gmpz_init2=yes
ac_cv_lib_lua_main=yes
ac_cv_lib_mysqlclient_main=yes
ac_cv_lib_pthread_main=yes
ac_cv_lib_z_main=yes
ac_cv_objext=o
ac_cv_path_EGREP='/usr/bin/grep -E'
ac_cv_path_GREP=/usr/bin/grep
ac_cv_path_XML2_CONFIG=/usr/bin/xml2-config
ac_cv_path_install='/usr/bin/install -c'
ac_cv_path_mkdir=/usr/bin/mkdir
ac_cv_prog_AWK=gawk
ac_cv_prog_CXXCPP='g++ -E'
ac_cv_prog_ac_ct_CXX=g++
ac_cv_prog_cxx_g=yes
ac_cv_prog_make_make_set=yes
ac_cv_struct_tm=time.h
ac_cv_type__Bool=no
ac_cv_type_ptrdiff_t=yes
ac_cv_type_size_t=yes
am_cv_CXX_dependencies_compiler_type=gcc3
am_cv_make_support_nested_variables=yes

## ----------------- ##
## Output variables. ##
## ----------------- ##

ACLOCAL='${SHELL} /root/baiak-terapia/sources/missing aclocal-1.13'
AMDEPBACKSLASH='\'
AMDEP_FALSE='#'
AMDEP_TRUE=''
AMTAR='$${TAR-tar}'
AM_BACKSLASH='\'
AM_DEFAULT_V='$(AM_DEFAULT_VERBOSITY)'
AM_DEFAULT_VERBOSITY='0'
AM_V='$(V)'
AUTOCONF='${SHELL} /root/baiak-terapia/sources/missing autoconf'
AUTOHEADER='${SHELL} /root/baiak-terapia/sources/missing autoheader'
AUTOMAKE='${SHELL} /root/baiak-terapia/sources/missing automake-1.13'
AWK='gawk'
CPPFLAGS=''
CXX='g++'
CXXCPP='g++ -E'
CXXDEPMODE='depmode=gcc3'
CXXFLAGS='-g -O2'
CYGPATH_W='echo'
DEBUG_FLAGS='-O0 -march=core2 -fomit-frame-pointer'
DEFS='-DHAVE_CONFIG_H'
DEPDIR='.deps'
ECHO_C=''
ECHO_N='-n'
ECHO_T=''
EGREP='/usr/bin/grep -E'
EXEEXT=''
GREP='/usr/bin/grep'
INSTALL_DATA='${INSTALL} -m 644'
INSTALL_PROGRAM='${INSTALL}'
INSTALL_SCRIPT='${INSTALL}'
INSTALL_STRIP_PROGRAM='$(install_sh) -c -s'
LDFLAGS=''
LIBOBJS=''
LIBS='-lmysqlclient -llua -lboost_filesystem-mt -lboost_date_time-mt -lboost_system-mt -lboost_regex-mt -lboost_thread-mt -lcrypto -lpthread -lz -lgmp  -lxml2 -lz -lm -ldl'
LOGIN_SERVER_FALSE=''
LOGIN_SERVER_TRUE='#'
LTLIBOBJS=''
LUA_CFLAGS=''
LUA_LIBS=''
MAKEINFO='${SHELL} /root/baiak-terapia/sources/missing makeinfo'
MKDIR_P='/usr/bin/mkdir -p'
MYSQLPP_FLAGS=''
MYSQLPP_LIBS=''
MYSQL_FLAGS='-D__USE_MYSQL__'
MYSQL_LIBS='-lmysqlclient'
OBJEXT='o'
OPTIONAL_FLAGS=' -D__ENABLE_SERVER_DIAGNOSTIC__ -D__ROOT_PERMISSION__'
OT_ADMIN_FALSE=''
OT_ADMIN_TRUE='#'
PACKAGE='otxserver'
PACKAGE_BUGREPORT=''
PACKAGE_NAME='OTXServer'
PACKAGE_STRING='OTXServer 2.X.Series'
PACKAGE_TARNAME='otxserver'
PACKAGE_URL=''
PACKAGE_VERSION='2.X.Series'
PATH_SEPARATOR=':'
PGSQL_FLAGS=''
PGSQL_LIBS=''
PKG_CONFIG=''
PKG_CONFIG_LIBDIR=''
PKG_CONFIG_PATH=''
PROFILER_FLAGS=''
SET_MAKE=''
SHELL='/bin/sh'
SQLITE_FLAGS=''
SQLITE_LIBS=''
STRIP=''
USE_MYSQLPP_FALSE=''
USE_MYSQLPP_TRUE='#'
USE_MYSQL_FALSE='#'
USE_MYSQL_TRUE=''
USE_PGSQL_FALSE=''
USE_PGSQL_TRUE='#'
USE_SQLITE_FALSE=''
USE_SQLITE_TRUE='#'
VERSION='2.X.Series'
XML2_CONFIG='/usr/bin/xml2-config'
XML_CPPFLAGS='-I/usr/include/libxml2'
XML_LIBS='-lxml2 -lz -lm -ldl'
ac_ct_CXX='g++'
am__EXEEXT_FALSE=''
am__EXEEXT_TRUE='#'
am__fastdepCXX_FALSE='#'
am__fastdepCXX_TRUE=''
am__include='include'
am__isrc=''
am__leading_dot='.'
am__nodep='_no'
am__quote=''
am__tar='$${TAR-tar} chof - "$$tardir"'
am__untar='$${TAR-tar} xf -'
bindir='${exec_prefix}/bin'
build_alias=''
datadir='${datarootdir}'
datarootdir='${prefix}/share'
docdir='${datarootdir}/doc/${PACKAGE_TARNAME}'
dvidir='${docdir}'
exec_prefix='${prefix}'
host_alias=''
htmldir='${docdir}'
includedir='${prefix}/include'
infodir='${datarootdir}/info'
install_sh='${SHELL} /root/baiak-terapia/sources/install-sh'
libdir='${exec_prefix}/lib'
libexecdir='${exec_prefix}/libexec'
localedir='${datarootdir}/locale'
localstatedir='${prefix}/var'
mandir='${datarootdir}/man'
mkdir_p='$(MKDIR_P)'
oldincludedir='/usr/include'
pdfdir='${docdir}'
prefix='/usr/local'
program_transform_name='s,x,x,'
psdir='${docdir}'
sbindir='${exec_prefix}/sbin'
sharedstatedir='${prefix}/com'
sysconfdir='${prefix}/etc'
target_alias=''

## ----------- ##
## confdefs.h. ##
## ----------- ##

/* confdefs.h */
#define PACKAGE_NAME "OTXServer"
#define PACKAGE_TARNAME "otxserver"
#define PACKAGE_VERSION "2.X.Series"
#define PACKAGE_STRING "OTXServer 2.X.Series"
#define PACKAGE_BUGREPORT ""
#define PACKAGE_URL ""
#define PACKAGE "otxserver"
#define VERSION "2.X.Series"
#define STDC_HEADERS 1
#define HAVE_SYS_TYPES_H 1
#define HAVE_SYS_STAT_H 1
#define HAVE_STDLIB_H 1
#define HAVE_STRING_H 1
#define HAVE_MEMORY_H 1
#define HAVE_STRINGS_H 1
#define HAVE_INTTYPES_H 1
#define HAVE_STDINT_H 1
#define HAVE_UNISTD_H 1
#define HAVE_ARPA_INET_H 1
#define HAVE_NETDB_H 1
#define HAVE_NETINET_IN_H 1
#define HAVE_STDDEF_H 1
#define HAVE_STDINT_H 1
#define HAVE_STDLIB_H 1
#define HAVE_SYS_SOCKET_H 1
#define HAVE_SYS_TIMEB_H 1
#define HAVE_STDBOOL_H 1
#define HAVE_PTRDIFF_T 1
#define HAVE_STDLIB_H 1
#define HAVE_MALLOC 1
#define HAVE_STDLIB_H 1
#define HAVE_REALLOC 1
#define HAVE_CEIL 1
#define HAVE_FLOOR 1
#define HAVE_FTIME 1
#define HAVE_GETHOSTBYNAME 1
#define HAVE_GETHOSTNAME 1
#define HAVE_MEMSET 1
#define HAVE_POW 1
#define HAVE_SQRT 1
#define HAVE_STRCASECMP 1
#define HAVE_STRNCASECMP 1
#define HAVE_STRSTR 1
#define HAVE_STRTOL 1
#define HAVE_GMP_H 1
#define HAVE_LIBGMP 1
#define HAVE_ZLIB_H 1
#define HAVE_LIBZ 1
#define HAVE_PTHREAD_H 1
#define HAVE_LIBPTHREAD 1
#define HAVE_OPENSSL_BN_H 1
#define HAVE_OPENSSL_ERR_H 1
#define HAVE_OPENSSL_SHA_H 1
#define HAVE_OPENSSL_MD5_H 1
#define HAVE_LIBCRYPTO 1
#define HAVE_LIBBOOST_THREAD_MT 1
#define HAVE_LIBBOOST_REGEX_MT 1
#define HAVE_LIBBOOST_SYSTEM_MT 1
#define HAVE_LIBBOOST_DATE_TIME_MT 1
#define HAVE_LIBBOOST_FILESYSTEM_MT 1
#define HAVE_LUA_H 1
#define HAVE_LIBLUA 1
#define HAVE_MYSQL_MYSQL_H 1
#define HAVE_LIBMYSQLCLIENT 1

configure: exit 0
