[23/9/2020 1:41:41] /t
[23/9/2020 1:44:33] /r
[23/9/2020 1:44:34] /r
[23/9/2020 1:48:7] /t
[23/9/2020 15:59:7] /z 35
[23/9/2020 15:59:32] /x 89
[23/9/2020 15:59:39] /y 89
[23/9/2020 15:59:41] /y 89
[23/9/2020 15:59:41] /y 89
[23/9/2020 15:59:44] /y 0
[23/9/2020 15:59:45] /y 1
[23/9/2020 15:59:46] /y 5
[23/9/2020 15:59:48] /y 8
[23/9/2020 15:59:50] /y 20
[23/9/2020 15:59:51] /y 25
[23/9/2020 15:59:53] /y 30
[23/9/2020 15:59:55] /y 31
[23/9/2020 15:59:58] /y 35
[23/9/2020 16:0:0] /y 40
[23/9/2020 16:0:4] /y 50
[23/9/2020 16:0:5] /y 55
[23/9/2020 16:0:7] /y 60
[23/9/2020 16:0:9] /y 999
[23/9/2020 16:0:12] /y 250
[23/9/2020 16:0:13] /y 250
[23/9/2020 16:0:17] /y 200
[23/9/2020 16:0:19] /y 200
[23/9/2020 16:0:21] /y 199
[23/9/2020 16:0:24] /y 198
[23/9/2020 16:0:26] /y 197
[23/9/2020 16:0:27] /y 198
[23/9/2020 16:0:30] /y 198
[23/9/2020 16:0:30] /y 198
[23/9/2020 16:0:31] /y 198
[23/9/2020 16:0:32] /y 198
[23/9/2020 16:0:34] /y 205
[23/9/2020 16:0:36] /y 204
[23/9/2020 16:0:38] /y 201
[23/9/2020 16:0:39] /y 200
[23/9/2020 16:0:42] /y 202
[23/9/2020 16:0:43] /y 203
[23/9/2020 16:0:44] /y 204
[23/9/2020 16:0:46] /y 2045
[23/9/2020 16:0:49] /y 205
[23/9/2020 16:0:50] /y 206
[23/9/2020 16:0:52] /y 207
[23/9/2020 16:0:53] /y 209
[23/9/2020 16:0:54] /y 204
[23/9/2020 16:0:56] /y 202
[23/9/2020 16:0:57] /y 203
[23/9/2020 16:1:0] /y 204
[23/9/2020 16:3:27] /z 333
[23/9/2020 16:3:29] /y 333
[23/9/2020 16:3:33] /x 333
[23/9/2020 16:3:48] /x 33
[23/9/2020 16:3:51] /z 33
[23/9/2020 16:3:56] /y 33
[23/9/2020 16:3:57] /y 33
[23/9/2020 21:22:33] /t
[23/9/2020 21:23:48] /t
[23/9/2020 21:50:34] /i 2160
[23/9/2020 22:6:13] /i 8047
[23/9/2020 22:6:27] /r
[23/9/2020 22:7:0] /attr action 14700
[23/9/2020 22:7:9] /attr action 0
[23/9/2020 22:7:11] /attr action 0
[23/9/2020 22:24:1] /t
[23/9/2020 22:32:0] /t
[23/9/2020 22:36:30] /ghost
[23/9/2020 22:36:33] /ghost
[23/9/2020 22:37:50] /a 5
[23/9/2020 22:37:53] /a 20
[23/9/2020 22:39:27] /i 2263
[23/9/2020 23:4:46] /r
[23/9/2020 23:6:23] /r
[23/9/2020 23:6:25] /r
[23/9/2020 23:6:26] /r
[23/9/2020 23:6:28] /r
[23/9/2020 23:6:33] /i 407
[23/9/2020 23:6:35] /i 407
[23/9/2020 23:6:37] /i 407
[23/9/2020 23:6:51] /i 12323
[23/9/2020 23:6:56] /r
[23/9/2020 23:6:57] /r
[23/9/2020 23:7:2] /i 12322
[23/9/2020 23:7:3] /i 12322
[23/9/2020 23:7:4] /i 12322
[23/9/2020 23:7:9] /i 1484
[23/9/2020 23:28:29] /a 5
[23/9/2020 23:28:51] /i 1564
[23/9/2020 23:28:52] /i 1564
[23/9/2020 23:28:54] /i 1564
[23/9/2020 23:28:55] /i 1564
[23/9/2020 23:28:56] /i 1564
[23/9/2020 23:28:57] /i 1564
[23/9/2020 23:28:58] /i 1564
[23/9/2020 23:28:59] /i 1564
[23/9/2020 23:29:0] /i 1564
[23/9/2020 23:29:2] /i 1564
[23/9/2020 23:29:7] /m infernatil
[23/9/2020 23:29:18] /s infernatil
[23/9/2020 23:31:59] /r
[23/9/2020 23:32:1] /r
[23/9/2020 23:32:2] /r
[23/9/2020 23:32:4] /a 20
[23/9/2020 23:32:21] /a 5
[23/9/2020 23:40:57] /a 5
[23/9/2020 23:40:59] /a 
[23/9/2020 23:41:0] /a 
[23/9/2020 23:45:5] /t
[23/9/2020 23:49:34] /t
[24/9/2020 0:5:15] /t
[24/9/2020 0:26:47] /i 9971
[24/9/2020 0:26:51] /i 9971
[24/9/2020 0:59:39] /i 7457
[24/9/2020 1:0:11] /i 9933
[24/9/2020 1:25:59] /a
[24/9/2020 1:26:10] /t
[24/9/2020 15:3:50] !mc
[24/9/2020 15:6:0] /r
[24/9/2020 15:6:1] /r
[24/9/2020 15:6:1] /r
[24/9/2020 15:6:1] /r
[24/9/2020 15:6:1] /r
[24/9/2020 15:6:1] /r
[24/9/2020 15:6:1] /r
[24/9/2020 15:6:1] /r
[24/9/2020 15:6:1] /r
[24/9/2020 15:6:1] /r
[24/9/2020 15:6:1] /r
[24/9/2020 15:6:1] /r
[24/9/2020 15:6:1] /r
[24/9/2020 15:6:1] /r
[24/9/2020 15:6:1] /r
[24/9/2020 15:6:1] /r
[24/9/2020 15:6:1] /r
[24/9/2020 15:6:1] /r
[24/9/2020 15:6:1] /r
[24/9/2020 15:6:2] /r
[24/9/2020 15:6:2] /r
[24/9/2020 15:6:2] /r
[24/9/2020 15:6:2] /r
[24/9/2020 15:6:2] /r
[24/9/2020 15:6:2] /r
[24/9/2020 15:6:2] /r
[24/9/2020 15:6:2] /r
[24/9/2020 15:6:2] /r
[24/9/2020 15:6:2] /r
[24/9/2020 15:6:2] /r
[24/9/2020 15:6:2] /r
[24/9/2020 15:6:2] /r
[24/9/2020 15:6:2] /r
[24/9/2020 15:6:2] /r
[24/9/2020 15:6:2] /r
[24/9/2020 15:6:2] /r
[24/9/2020 15:6:2] /r
[24/9/2020 15:6:2] /r
[24/9/2020 15:6:2] /r
[24/9/2020 15:6:2] /r
[24/9/2020 15:6:2] /r
[24/9/2020 15:6:2] /r
[24/9/2020 15:6:2] /r
[24/9/2020 15:6:2] /r
[24/9/2020 15:6:2] /r
[24/9/2020 15:6:2] /r
[24/9/2020 15:6:2] /r
[24/9/2020 15:6:2] /r
[24/9/2020 15:6:2] /r
[24/9/2020 15:6:2] /r
[24/9/2020 15:6:2] /r
[24/9/2020 15:6:3] /r
[24/9/2020 15:6:3] /r
[24/9/2020 15:6:3] /r
[24/9/2020 15:6:3] /r
[24/9/2020 15:6:3] /r
[24/9/2020 15:6:3] /r
[24/9/2020 15:6:3] /r
[24/9/2020 15:6:3] /r
[24/9/2020 15:6:3] /r
[24/9/2020 15:6:8] /r
[24/9/2020 15:6:16] /r
[24/9/2020 15:6:17] /r
[24/9/2020 15:6:18] /r
[24/9/2020 15:6:19] /r
[24/9/2020 15:6:20] /r
[24/9/2020 15:6:24] /r
[24/9/2020 15:6:25] /r
[24/9/2020 15:30:35] /goto acolyte of the cult
[24/9/2020 15:30:47] /r
[24/9/2020 15:30:48] /r
[24/9/2020 15:30:50] /goto acolyte of the cult
[24/9/2020 15:31:26] /t
[24/9/2020 15:32:55] /r
[24/9/2020 15:32:56] /r
[24/9/2020 15:32:57] /r
[24/9/2020 15:32:58] /r
[24/9/2020 15:32:58] /r
[24/9/2020 15:32:59] /r
[24/9/2020 15:33:0] /r
[24/9/2020 15:33:0] /r
[24/9/2020 15:33:1] /r
[24/9/2020 15:33:2] /r
[24/9/2020 15:33:3] /r
[24/9/2020 15:33:4] /r
[24/9/2020 15:33:5] /r
[24/9/2020 15:33:6] /r
[24/9/2020 15:33:8] /r
[24/9/2020 15:33:9] /r
[24/9/2020 15:33:9] /r
[24/9/2020 15:33:10] /r
[24/9/2020 15:33:12] /r
[24/9/2020 15:33:15] /r
[24/9/2020 15:33:17] /r
[24/9/2020 15:33:19] /r
[24/9/2020 15:33:20] /r
[24/9/2020 15:33:20] /r
[24/9/2020 15:33:22] /r
[24/9/2020 15:33:23] /r
[24/9/2020 15:33:24] /r
[24/9/2020 15:33:24] /r
[24/9/2020 15:33:26] /r
[24/9/2020 15:34:42] /t
[24/9/2020 15:37:27] /clean
[24/9/2020 17:39:36] /r
[24/9/2020 17:39:39] /r
[24/9/2020 17:39:42] /r
[24/9/2020 17:39:47] /r
[24/9/2020 17:39:48] /r
[24/9/2020 17:39:49] /r
[24/9/2020 17:39:51] /r
[24/9/2020 17:39:51] /r
[24/9/2020 17:39:52] /r
[24/9/2020 17:39:52] /r
[24/9/2020 17:39:53] /r
[24/9/2020 17:39:54] /r
[24/9/2020 17:39:55] /r
[24/9/2020 17:39:58] /r
[24/9/2020 17:40:1] /r
[24/9/2020 17:40:2] /r
[24/9/2020 17:40:4] /r
[24/9/2020 17:40:5] /r
[24/9/2020 17:40:5] /r
[24/9/2020 17:40:7] /r
[24/9/2020 17:40:8] /r
[24/9/2020 17:40:8] /r
[24/9/2020 17:40:10] /r
[24/9/2020 17:40:11] /r
[24/9/2020 17:40:11] /r
[24/9/2020 17:50:12] /r
[24/9/2020 17:50:17] /r
[24/9/2020 17:50:32] /r
[24/9/2020 17:50:50] /r
[24/9/2020 17:50:51] /r
[24/9/2020 17:50:52] /r
[24/9/2020 17:50:53] /r
[24/9/2020 17:50:55] /r
[24/9/2020 17:50:56] /r
[24/9/2020 17:50:56] /r
[24/9/2020 17:50:57] /r
[24/9/2020 17:50:58] /r
[24/9/2020 17:50:59] /r
[24/9/2020 17:51:0] /r
[24/9/2020 17:51:1] /r
[24/9/2020 17:51:4] /a 5
[24/9/2020 17:52:1] /r
[24/9/2020 17:52:2] /r
[24/9/2020 17:52:12] /i 1052
[24/9/2020 17:57:32] /i backpack
[24/9/2020 17:57:36] /clean
[24/9/2020 17:57:44] /i 12658
[24/9/2020 17:58:20] /i 12657
[24/9/2020 17:58:39] /i 2501
[24/9/2020 17:58:46] /clean
[24/9/2020 17:59:23] /i 11253
[24/9/2020 17:59:58] /i 2414
[24/9/2020 18:0:27] /i 2433
[24/9/2020 18:1:5] /i 2504
[24/9/2020 18:1:34] /i 12641
[24/9/2020 18:1:51] /i 2323
[24/9/2020 18:2:9] /i 12638
[24/9/2020 18:2:38] /i 12636
[24/9/2020 18:3:6] /i 2516
[24/9/2020 18:3:28] /i 5801
[24/9/2020 18:3:52] /i 5918
[24/9/2020 18:4:18] /i 6099
[24/9/2020 18:4:27] /i 6100
[24/9/2020 18:4:50] /i 6300
[24/9/2020 18:5:14] /i 12612
[24/9/2020 18:5:45] /i 12611
[24/9/2020 18:6:54] /i 12656
[24/9/2020 18:7:30] /i 12608
[24/9/2020 18:7:57] /i 12654
[24/9/2020 18:8:17] /i 12655
[24/9/2020 18:8:34] /i 12629
[24/9/2020 18:9:20] /i 12665
[24/9/2020 18:9:31] /r
[24/9/2020 18:9:31] /r
[24/9/2020 18:9:36] /r
[24/9/2020 18:9:56] /i alfa staff
[24/9/2020 18:10:10] /r
[24/9/2020 18:10:23] /i 7748
[24/9/2020 18:10:42] /i  7764
[24/9/2020 18:10:56] /i 7772
[24/9/2020 18:11:7] /i 7776
[24/9/2020 18:11:27] /i 12644
[24/9/2020 18:11:47] /i 12643
[24/9/2020 18:12:7] /i 8306
[24/9/2020 18:12:20] /i 8302
[24/9/2020 18:13:7] /clean
[24/9/2020 18:13:46] /i 8850
[24/9/2020 18:13:59] /i 8868
[24/9/2020 18:14:12] /i 2503
[24/9/2020 18:14:42] /i 12642
[24/9/2020 18:15:6] /i 12637
[24/9/2020 18:15:15] /i 2538
[24/9/2020 18:15:35] /i 12640
[24/9/2020 18:15:48] /i 12645
[24/9/2020 18:15:59] /i 8925
[24/9/2020 18:16:8] /i 12653
[24/9/2020 18:16:25] /i 2444
[24/9/2020 18:16:35] /i 12652
[24/9/2020 18:17:5] /i 2390
[24/9/2020 18:17:17] /i 12651
[24/9/2020 18:17:38] /i 12649
[24/9/2020 18:17:59] /i 10502
[24/9/2020 18:18:19] /i 10047
[24/9/2020 18:18:34] /i 11349
[24/9/2020 18:18:52] /i 12639
[24/9/2020 18:19:18] /i 9999
[24/9/2020 18:19:30] /i 12628
[24/9/2020 18:20:18] /i 5942
[24/9/2020 18:20:29] /i 2523
[24/9/2020 18:20:49] /i 2660
[24/9/2020 18:20:59] /i 6300
[24/9/2020 18:26:41] /i alfa blessed helmet
[24/9/2020 18:27:43] /i golden boots
[24/9/2020 18:30:5] /i alfa axe
[24/9/2020 18:30:24] /i alfa sword
[24/9/2020 18:31:52] /i alfa club
[24/9/2020 18:32:27] /i alfa staff
[24/9/2020 18:53:56] /t
[24/9/2020 18:55:1] /t
[24/9/2020 19:0:19] /t
[24/9/2020 19:5:47] /i 8300
[24/9/2020 19:20:50] /a 30
[24/9/2020 19:20:52] /a 30
[24/9/2020 19:20:52] /a 30
[24/9/2020 19:20:54] /a 30
[24/9/2020 19:21:5] /a 5
[24/9/2020 19:21:6] /a 5
[24/9/2020 19:21:11] /a
[24/9/2020 19:23:16] /a 5
[24/9/2020 19:23:17] /a 5
[24/9/2020 19:23:17] /a 5
[24/9/2020 19:23:18] /a 5
[24/9/2020 19:23:18] /a 5
[24/9/2020 19:23:50] /a 
[24/9/2020 19:33:12] /t
[24/9/2020 19:34:1] /i 8909
