[6/3/2018 22:49:49] /citywar invite, Parquinhoo Da Last, Carlin, 18, 3, 60
[6/3/2018 22:50:4] /citywar invite, Parquinhoo Da Last, edron, 18, 3, 60
[6/3/2018 22:50:7] /citywar invite, Parquinhoo Da Last, edron, 18, 3, 60
[6/3/2018 22:51:50] /citywar invite, Parquinhoo Da Last, Carlin, 18, 3, 60
[6/3/2018 22:54:13] /citywar go
[6/3/2018 22:59:35] /citywar accept, Parquinho Da Last
[6/3/2018 22:59:41] /citywar accept, Parquinho Da Last
[6/3/2018 22:59:46] /citywar go
[6/3/2018 22:59:49] /citywar go
[6/3/2018 22:59:50] /citywar go
[6/3/2018 22:59:56] /citywar accept, Parquinhoo Da Last
[6/3/2018 23:0:15] /citywar go
[6/3/2018 23:0:17] /citywar go
[6/3/2018 23:0:19] /citywar go
[6/3/2018 23:0:27] !citywar go
[6/3/2018 23:0:28] !citywar go
[6/3/2018 23:1:1] /citywar go
[6/3/2018 23:1:2] /citywar go
[6/3/2018 23:1:54] /citywar accept, Parquinhoo Da Last
[6/3/2018 23:2:2] /citywar go
[6/3/2018 23:2:3] /citywar go
[6/3/2018 23:2:13] /citywar go
[6/3/2018 23:2:13] /citywar go
[6/3/2018 23:2:15] /citywar go
[6/3/2018 23:2:16] /citywar go
[6/3/2018 23:2:38] /waredron accept, Parquinho Da Last
[6/3/2018 23:2:49] /waredron accept, Parquinho Da Last
[6/3/2018 23:2:50] /waredron accept, Parquinho Da Last
[6/3/2018 23:3:14] /waredron accept, Parquinhoo Da Last
[6/3/2018 23:3:19] /waredron go
[6/3/2018 23:43:8] /waredron go
