[4/3/2018 23:33:11] !citywar go
[4/3/2018 23:55:8] /citywar go
[4/3/2018 23:55:13] !citywar go
[5/3/2018 22:43:1] !citywar accept,-RESPECT-
[5/3/2018 22:43:21] !citywar accept,-RESPECT-
[5/3/2018 22:43:22] !citywar accept,-RESPECT-
[5/3/2018 22:43:42] !citywar cancel,Reliable is back
[5/3/2018 22:46:14] /citywar end,-RESPECT-
[5/3/2018 22:46:51] /citywar accept, -RESPECT
[5/3/2018 22:47:22] /citywar accept, -RESPECT
[5/3/2018 22:47:24] /citywar accept, -RESPECT
[5/3/2018 22:47:25] /citywar accept, -RESPECT
[5/3/2018 22:47:27] /citywar accept, -RESPECT
[5/3/2018 22:47:31] /citywar accept, -RESPECT
[5/3/2018 22:48:10] !citywar end,Reliable is back
[5/3/2018 22:48:14] !citywar end, Reliable is back
[5/3/2018 22:48:15] !citywar end, Reliable is back
[5/3/2018 22:48:16] !citywar end, Reliable is back
[5/3/2018 22:48:18] !citywar end, Reliable is back
[10/3/2018 22:26:59] /citywar end,final warning
