[6/3/2018 22:53:26] /citywar invite, Ilumiinatic TM, Darashia, 20, 2, 60
[6/3/2018 22:53:34] /citywar invite, Ilumiinatic TM, Darashia, 20, 2, 60
[6/3/2018 22:53:40] /citywar invite, Ilumiinatic TM, darashia, 20, 2, 60
[6/3/2018 22:53:41] /citywar invite, Ilumiinatic TM, darashia, 20, 2, 60
[6/3/2018 22:53:48] /citywar invite, Ilumiinatic TM, Carlin, 20, 2, 60
[6/3/2018 22:53:50] /citywar invite, Ilumiinatic TM, Carlin, 20, 2, 60
[6/3/2018 22:54:25] /citywar invite, Ilumiinatic TM, darashia, 20, 2, 60
[6/3/2018 22:54:26] /citywar invite, Ilumiinatic TM, darashia, 20, 2, 60
[6/3/2018 22:54:42] /citywar invite, Ilumiinatic TM, Edron, 20, 2, 60
[6/3/2018 22:54:58] /citywar invite, Ilumiinatic TM, Carlin, 20, 2, 60
[6/3/2018 22:55:2] /citywar invite, Ilumiinatic TM, Carlinab, 20, 2, 60
[6/3/2018 22:55:11] /citywar invite, Ilumiinatic TM, darashiam 20, 2, 60
[6/3/2018 22:55:14] /citywar invite, Ilumiinatic TM, darashia, 20, 2, 60
[6/3/2018 22:59:8] /citywar invite, Ilumiinatic Tm, Edron, 20, 2, 60
[6/3/2018 22:59:49] /citywar invite, Ilumiinatic Tm, Edron, 20, 2, 60
[6/3/2018 23:0:1] /citywar goi
[6/3/2018 23:0:2] /citywar go
[6/3/2018 23:0:4] /citywar go
[6/3/2018 23:0:5] /citywar go
[6/3/2018 23:0:8] /citywar go
[6/3/2018 23:0:15] /citywar go, edron
[6/3/2018 23:0:18] /citywar go, edron
[6/3/2018 23:0:49] /waredron
[6/3/2018 23:0:51] /waredron go
[6/3/2018 23:0:53] /waredron go
[6/3/2018 23:1:0] /citywar go
[6/3/2018 23:1:5] /citywar exit
[6/3/2018 23:1:6] /citywar exit
[6/3/2018 23:1:7] /citywar go
[6/3/2018 23:1:23] /waredron go
[6/3/2018 23:1:34] /waredron invite, Ilumiinatic TM
[6/3/2018 23:1:57] /waredron accept, Parquinho Da Last
[6/3/2018 23:2:3] /citywar go
[6/3/2018 23:2:10] /waredron go
[6/3/2018 23:2:12] /waredron go
[6/3/2018 23:2:17] /citywar go
[6/3/2018 23:2:18] /citywar go
[6/3/2018 23:2:36] /waredron accept, Parquinho Da Last
[6/3/2018 23:2:54] /waredron accept, Parquinhoo Da Last
[6/3/2018 23:3:19] /waredron go
[6/3/2018 23:5:15] /waredron go
[6/3/2018 23:21:42] /waredron go
[6/3/2018 23:26:36] /waredron go
[6/3/2018 23:32:24] /waredron go
[6/3/2018 23:38:55] /waredron go
[6/3/2018 23:41:4] /waredron go
[6/3/2018 23:42:3] /waredron go
