[6/3/2018 23:0:13] /citywar go
[6/3/2018 23:0:16] /citywar go
[6/3/2018 23:0:23] /citywar go
[6/3/2018 23:0:26] /citywar go
[6/3/2018 23:0:33] /citywar go
[6/3/2018 23:0:37] !citywar go
[6/3/2018 23:0:47] /waredron go
[6/3/2018 23:0:48] /waredron go
[6/3/2018 23:0:50] /waredron go
[6/3/2018 23:0:56] /citywar go
[6/3/2018 23:1:3] /waredron go
[6/3/2018 23:1:5] /waredron go
[6/3/2018 23:1:22] /waredron go
[6/3/2018 23:1:58] /waredron go
[6/3/2018 23:2:0] /citywar go
[6/3/2018 23:2:1] /citywar go
[6/3/2018 23:2:7] /citywar go
[6/3/2018 23:2:9] /citywar go
[6/3/2018 23:2:13] /citywar edron go
[6/3/2018 23:2:15] /citywar edrongo
[6/3/2018 23:2:19] /citywar edron go
[6/3/2018 23:2:20] /citywar edron go
[6/3/2018 23:2:21] /citywar edron go
[6/3/2018 23:2:24] /citywar edron go
[6/3/2018 23:2:25] /citywar edron go
[6/3/2018 23:2:30] /citywar go
[6/3/2018 23:2:36] /waredron go
[6/3/2018 23:2:37] /waredron go
[6/3/2018 23:2:38] /waredron go
[6/3/2018 23:2:39] /waredron go
[6/3/2018 23:2:43] /waredron go
[6/3/2018 23:3:21] /citywar go
[6/3/2018 23:3:23] /citywar go
[6/3/2018 23:3:24] /waredron go
[6/3/2018 23:10:13] /citywar go
[6/3/2018 23:10:15] /waredron go
