[26/3/2018 14:51:7] /c vellor
[26/3/2018 14:51:8] /r
[26/3/2018 14:51:14] /i 5773
[26/3/2018 14:51:15] /ghost
[26/3/2018 14:51:18] /town 8
[26/3/2018 14:51:20] /down
[26/3/2018 14:51:21] /a 2
[26/3/2018 14:51:21] /a 2
[26/3/2018 14:51:21] /a 2
[26/3/2018 14:51:21] /a 2
[26/3/2018 14:51:22] /a 2
[26/3/2018 14:51:22] /a 2
[26/3/2018 14:51:22] /a 2
[26/3/2018 14:51:30] /newtype 280
[26/3/2018 14:51:32] /ghost
[26/3/2018 14:51:40] /ghost
[26/3/2018 14:52:6] /reload monster
[26/3/2018 14:52:8] /t
[26/3/2018 14:52:8] /a 2
[26/3/2018 14:52:9] /a 2
[26/3/2018 14:52:11] /m Striker Cyclope
[26/3/2018 14:52:14] /m Striker Cyclope
[26/3/2018 14:52:42] /reload monster
[26/3/2018 14:52:48] /r
[26/3/2018 14:52:50] /m Striker Cyclope
[27/3/2018 20:42:36] /c [adm] ciroc
[27/3/2018 20:43:5] /c 2167r94#9z$j567
[27/3/2018 20:43:10] /c [ADM] Ciroc
