[6/3/2018 22:43:47] /citywar invite, Keep Line, carlin, 6, 2, 30
[6/3/2018 22:43:49] /citywar invite, Keep Line, carlin, 6, 2, 30
[6/3/2018 22:44:3] /citywar invite, Keep Line, carlin, 6, 1, 30
[6/3/2018 22:46:54] /citywar invite, Keep Line, carlin, 7 1, 30
[6/3/2018 22:46:55] /citywar invite, Keep Line, carlin, 7 1, 30
[6/3/2018 22:47:19] /citywar invite, Keep Line, carlin, 7 1, 30
[6/3/2018 22:47:20] /citywar invite, Keep Line, carlin, 7 1, 30
[6/3/2018 22:47:55] /citywar accept, Devorin Supreme
[6/3/2018 22:47:57] /citywar accept, Devorin Supreme
[6/3/2018 22:48:0] /citywar invite, Keep Line, carlin, 7 1, 30
[6/3/2018 22:48:24] /citywar invite, Keep Line,edron , 7 1, 30
[6/3/2018 22:48:31] /citywar invite, Keep Line,edron , 7, 1, 30
[6/3/2018 22:48:44] /citywar invite, Keep Line,edron ,7 ,1 ,30
[6/3/2018 22:48:54] /citywar invite, Keep Line ,edron ,7 ,1 ,30
[6/3/2018 22:48:59] /citywar invite, Keep Line ,edron ,7 ,1 ,30
[6/3/2018 22:49:5] /citywar invite, Keep Line ,edron ,6 ,1 ,30
[6/3/2018 22:49:8] /citywar invite, Keep Line ,edron ,6 ,1 ,30
[6/3/2018 22:49:13] /citywar invite, Keep Line ,edron ,06 ,1 ,30
[6/3/2018 22:49:14] /citywar invite, Keep Line ,edron ,06 ,1 ,30
[6/3/2018 22:49:16] /citywar invite, Keep Line ,edron ,06 ,1 ,30
[6/3/2018 22:49:17] /citywar invite, Keep Line ,edron ,06 ,1 ,30
[6/3/2018 22:50:1] /citywar accept, Keep Line
[6/3/2018 22:50:4] /citywar accept, Keep Line
[6/3/2018 22:50:8] /citywar accept, Keep Line
[6/3/2018 22:50:14] /citywar accept, Keep Line
[6/3/2018 22:50:56] /citywar go 
[6/3/2018 22:50:59] /citywar go 
[6/3/2018 22:51:4] /citywar go 
[6/3/2018 22:51:12] /citywar go 
[6/3/2018 22:51:14] /citywar go 
[6/3/2018 22:51:15] /citywar go 
[6/3/2018 22:51:20] /citywar go 
[6/3/2018 22:51:21] /citywar go 
[6/3/2018 22:51:24] /citywar go 
[6/3/2018 22:51:57] /citywar accept, Keep Line
[6/3/2018 22:51:58] /citywar accept, Keep Line
