[4/3/2018 22:33:2] /citywar invite,-respect-,edron,10,2,60
[4/3/2018 23:25:51] /citywar invite,Reliable is back,edron,6,2,0
[4/3/2018 23:25:54] /citywar invite,Reliable is back,edron,6,2,0
[4/3/2018 23:26:4] /citywar invite,Reliable is back,edron,2,60
[4/3/2018 23:26:29] /citywar invite,Reliable is back,edron,2,60
[4/3/2018 23:26:40] /citywar invite,Reliable is back,edron,10,60
[4/3/2018 23:26:43] /citywar invite,Reliable is back,edron,10,60
[4/3/2018 23:27:5] /citywar invite,Reliable is back,edron,10,60
[4/3/2018 23:27:28] /citywar invite,Reliable is back,edron,10,60
[4/3/2018 23:27:32] /citywar invite,Reliable is back,edron,10,30
[4/3/2018 23:27:51] /citywar invite,Reliable is back,edron,10,60
[4/3/2018 23:28:51] /citywar invite,Reliable is back,edron,10,60
[4/3/2018 23:29:7] /citywar invite, Reliable is back ,edron,10,60
[4/3/2018 23:29:21] !citywar go
[4/3/2018 23:31:29] /citywar invite, Reliable is back, edron, 10, 2, 60
[4/3/2018 23:33:2] !citywar go
[4/3/2018 23:39:33] !citywar go
[4/3/2018 23:53:29] !citywar go
[4/3/2018 23:53:32] !citywar go
[4/3/2018 23:53:34] !citywar go
[4/3/2018 23:53:36] !citywar go
[4/3/2018 23:53:37] !citywar go
[4/3/2018 23:53:44] !citywar go
[4/3/2018 23:53:47] !citywar go
[4/3/2018 23:53:54] !citywar go
[5/3/2018 22:31:23] /citywar invite, -respect- , edron, players, 1, 60
[5/3/2018 22:31:35] /citywar invite, -respect- , edron, 15, 1, 60
[5/3/2018 22:31:37] /citywar invite, -respect- , edron, 15, 1, 60
[5/3/2018 22:31:39] /citywar invite, -respect- , edron, 15, 1, 60
[5/3/2018 22:31:42] /citywar invite, -respect- , edron, 15, 1, 60
[5/3/2018 22:32:7] /citywar invite, -RESPECT-. , edron, 15, 1, 60
[5/3/2018 22:32:13] /citywar invite, -RESPECT-, edron, 15, 1, 60
[5/3/2018 22:32:24] /citywar invite,-RESPECT-,edron,15, 1,60
[5/3/2018 22:33:47] /citywar invite, -RESPECT-, edron, 15, 1, 60
[5/3/2018 22:33:51] /citywar invite, -RESPECT-, edron, 15, 1, 60
[5/3/2018 22:33:56] /citywar invite,-RESPECT-, edron, 15, 1, 60
[5/3/2018 22:34:4] /citywar invite,-RESPECT-,edron,15, 1, 60
[5/3/2018 22:34:25] /citywar invite, -RESPECT-, edron, 15, 2, 60
[5/3/2018 22:34:30] /citywar invite, -RESPECT-, edron, 15, 1, 60
[5/3/2018 22:34:59] !citywar invite, -RESPECT-, edron, 15, 2, 60
[5/3/2018 22:35:0] !citywar invite, -RESPECT-, edron, 15, 2, 60
[5/3/2018 22:35:4] !citywar invite, -RESPECT-, edron, 15, 2, 60
[5/3/2018 22:37:40] !citywar invite, -RESPECT-, edron, 15, 1, 60
[5/3/2018 22:37:48] !citywar invite, -RESPECT-, edron, 15, 1, 60
[5/3/2018 22:38:16] !citywar invite, -RESPECT-, edron, 15, 1, 60
[5/3/2018 22:38:25] !citywar invite,-RESPECT-,edron,15,1,60
[5/3/2018 22:38:30] !citywar invite,-RESPECT-,edron,15,1,60
[5/3/2018 22:38:39] !citywar invite, -RESPECT-, edron, 15, 1, 60
[5/3/2018 22:39:16] !citywar invite, -RESPECT-, edron, 15, 1, 60
[5/3/2018 22:42:8] /citywar accept, -RESPECT-
[5/3/2018 22:42:10] /citywar accept, -RESPECT-
[5/3/2018 22:42:14] /citywar accept,-RESPECT-
[5/3/2018 22:42:16] /citywar accept,-RESPECT-
[5/3/2018 22:42:22] /citywar accept,-RESPECT-
[5/3/2018 22:42:25] /citywar accept,-RESPECT-
[5/3/2018 22:42:44] !citywar accept,-RESPECT-
[5/3/2018 22:45:51] /citywar exit
[5/3/2018 22:47:0] /citywar accept, -RESPECT-
[5/3/2018 22:47:2] /citywar accept, -RESPECT-
[5/3/2018 22:47:25] /citywar accept, -RESPECT-
[5/3/2018 22:48:8] /citywar accept, -RESPECT-
[5/3/2018 22:48:12] /citywar accept,-RESPECT-
[5/3/2018 22:51:19] /citywar invite, -respect-, edron, 15, 1, 60
[5/3/2018 22:51:22] /citywar invite, -respect-, edron, 15, 1, 60
[5/3/2018 22:52:36] /citywar invite, -respect-, carlin, 15, 1, 60 22:51 Guild already on war.
[5/3/2018 22:52:52] /citywar invite, -respect-, darashia, 15, 1, 60 22:51 Guild already on war.
[5/3/2018 22:54:7] /citywar accept, -respect-
[5/3/2018 22:55:50] /citywar invite, -respect-, edron, 10, 1, 60
[5/3/2018 22:55:57] /citywar invite, -respect-, edron, 10, 1, 60
[5/3/2018 22:55:59] /citywar invite, -respect-, edron, 10, 1, 60
[5/3/2018 22:56:3] /citywar invite, -respect-, edron, 10, 1, 60
[6/3/2018 22:51:54] /citywar go 
[6/3/2018 22:51:55] /citywar go
