[31/5/2020 12:9:49] /ghost
[31/5/2020 12:10:2] /a 1
[31/5/2020 12:10:8] /a 10
[31/5/2020 12:18:31] /goto Kina Vai Te Pegar
[31/5/2020 12:23:19] /goto Miiguel
[31/5/2020 12:23:52] /goto Kina Vai Te Pegar
[31/5/2020 13:18:38] /goto Bravaxzor Ekzor
[31/5/2020 13:29:46] /t
[31/5/2020 13:29:53] /t
[31/5/2020 13:54:47] /up
[31/5/2020 15:35:29] /goto bolt
[31/5/2020 15:35:41] /goto trembolona
[31/5/2020 15:36:5] /goto aak hozziris
[31/5/2020 15:36:51] /goto tio barba
[31/5/2020 15:36:54] /goto tio barba
[31/5/2020 15:37:3] /t
[31/5/2020 18:49:38] /goto Nicovisk
[31/5/2020 18:50:18] /goto To com raivaa
[31/5/2020 18:50:58] /t
[31/5/2020 18:51:28] /a 1
[31/5/2020 18:52:49] /t
[31/5/2020 18:56:18] /goto bolt
[31/5/2020 18:57:25] /ghost
[31/5/2020 19:1:28] /goto bolt
[31/5/2020 19:3:4] /ghost
[31/5/2020 19:3:13] /goto Sempre Folhado
[31/5/2020 19:3:19] /t
[31/5/2020 19:3:45] /ghost
[31/5/2020 19:28:12] /ghost
[31/5/2020 22:55:49] /ghost
[31/5/2020 22:55:53] /ghost
[2/6/2020 18:15:8] /goto odin
[2/6/2020 18:26:28] /ghost
[2/6/2020 18:29:3] /m bat
[2/6/2020 18:29:45] /m bat
[2/6/2020 18:32:45] /goto break
[2/6/2020 18:34:57] /t
[2/6/2020 18:44:13] /down
[2/6/2020 18:44:16] /up
[2/6/2020 18:50:53] /b 18:41 Break [472]: ALGUEM AJUDA QUEST DAS ARMA TEM 2 JA
[2/6/2020 18:56:45] /ghost
[2/6/2020 22:3:55] /a 3
[2/6/2020 22:3:56] /a 3
[2/6/2020 22:3:59] /a 3
[2/6/2020 22:4:14] /a 3
[2/6/2020 22:16:5] /a 3
[2/6/2020 22:16:14] /t
